2024-01-15 11:46:35,259 - WARNING - [Line: 84] - User submission failed due to: ['Start time is no longer available. Please select again.']
2024-01-15 11:46:42,512 - WARNING - [Line: 84] - User submission failed due to: ['Start time is no longer available. Please select again.']
2024-01-16 15:26:45,046 - WARNING - [Line: 180] - User submission failed due to: None
2024-01-16 15:28:51,871 - WARNING - [Line: 182] - User submission failed due to: None
2024-01-16 15:52:44,886 - WARNING - [Line: 176] - User submission failed due to: ['Start time is no longer available. Please select again.']
2024-01-16 15:54:29,673 - WARNING - [Line: 176] - User submission failed due to: ['Start time is no longer available. Please select again.']
2024-01-16 20:09:55,866 - WARNING - [Line: 176] - User submission failed due to: ['Start time is no longer available. Please select again.']
2024-01-16 20:11:10,602 - WARNING - [Line: 176] - User submission failed due to: ['Start time is no longer available. Please select again.']
2024-01-16 20:12:06,017 - WARNING - [Line: 176] - User submission failed due to: ['Start time is no longer available. Please select again.']
2024-01-16 20:12:10,485 - WARNING - [Line: 176] - User submission failed due to: ['Start time is no longer available. Please select again.']
2024-01-16 20:12:22,635 - WARNING - [Line: 176] - User submission failed due to: ['Start time is no longer available. Please select again.']
2024-01-16 20:12:51,627 - WARNING - [Line: 176] - User submission failed due to: ['Start time is no longer available. Please select again.']
2024-01-16 20:13:23,373 - WARNING - [Line: 176] - User submission failed due to: ['Start time is no longer available. Please select again.']
2024-01-16 20:13:40,074 - WARNING - [Line: 176] - User submission failed due to: ['Start time is no longer available. Please select again.']
2024-01-16 20:14:13,899 - WARNING - [Line: 176] - User submission failed due to: ['Start time is no longer available. Please select again.']
2024-01-16 20:14:16,699 - WARNING - [Line: 176] - User submission failed due to: ['Start time is no longer available. Please select again.']
2024-01-16 20:14:52,005 - WARNING - [Line: 176] - User submission failed due to: ['Start time is no longer available. Please select again.']
2024-01-16 20:14:58,041 - WARNING - [Line: 176] - User submission failed due to: ['Start time is no longer available. Please select again.']
2024-01-16 20:15:04,436 - WARNING - [Line: 176] - User submission failed due to: ['Start time is no longer available. Please select again.']
2024-01-16 20:15:16,053 - WARNING - [Line: 176] - User submission failed due to: ['Start time is no longer available. Please select again.']
2024-01-16 20:16:29,626 - WARNING - [Line: 176] - User submission failed due to: ['Start time is no longer available. Please select again.']
2024-01-16 20:16:39,727 - WARNING - [Line: 176] - User submission failed due to: ['Start time is no longer available. Please select again.']
2024-01-16 20:17:23,011 - WARNING - [Line: 176] - User submission failed due to: ['Start time is no longer available. Please select again.']
2024-01-16 20:17:43,773 - WARNING - [Line: 176] - User submission failed due to: ['Start time is no longer available. Please select again.']
2024-01-16 20:18:26,429 - WARNING - [Line: 176] - User submission failed due to: ['Start time is no longer available. Please select again.']
2024-01-16 20:18:34,951 - WARNING - [Line: 176] - User submission failed due to: ['Start time is no longer available. Please select again.']
2024-01-16 20:19:57,650 - WARNING - [Line: 176] - User submission failed due to: ['Start time is no longer available. Please select again.']
2024-01-16 20:20:12,910 - WARNING - [Line: 176] - User submission failed due to: ['Start time is no longer available. Please select again.']
2024-01-16 20:20:27,519 - WARNING - [Line: 176] - User submission failed due to: ['Start time is no longer available. Please select again.']
2024-01-16 20:22:41,825 - WARNING - [Line: 176] - User submission failed due to: ['Start time is no longer available. Please select again.']
2024-01-16 20:24:08,283 - WARNING - [Line: 176] - User submission failed due to: ['Start time is no longer available. Please select again.']
2024-01-16 20:25:00,611 - WARNING - [Line: 176] - User submission failed due to: ['Start time is no longer available. Please select again.']
2024-01-16 20:27:43,371 - WARNING - [Line: 176] - User submission failed due to: ['Start time is no longer available. Please select again.']
2024-01-16 20:28:00,343 - WARNING - [Line: 176] - User submission failed due to: ['Start time is no longer available. Please select again.']
2024-01-19 11:50:30,254 - WARNING - [Line: 176] - User submission failed due to: ['You edited the page code to try and submit something...']
2024-01-19 11:54:45,618 - WARNING - [Line: 176] - User submission failed due to: ['You edited the page code to try and submit something...']
2024-01-20 13:10:18,225 - WARNING - [Line: 176] - User submission failed due to: ['This field is required.']
2024-01-20 13:13:46,044 - WARNING - [Line: 176] - User submission failed due to: ['This field is required.']
2024-01-20 13:14:11,262 - WARNING - [Line: 176] - User submission failed due to: ['This field is required.']
2024-01-20 13:16:02,083 - WARNING - [Line: 176] - User submission failed due to: ['This field is required.']
2024-01-20 13:16:45,408 - WARNING - [Line: 176] - User submission failed due to: ['This field is required.']
2024-01-20 13:41:10,332 - WARNING - [Line: 176] - User submission failed due to: ['Enter a whole number.']
2024-01-20 13:41:18,519 - WARNING - [Line: 176] - User submission failed due to: ['Enter a whole number.']
2024-01-20 13:41:24,799 - WARNING - [Line: 176] - User submission failed due to: ['Enter a whole number.']
2024-01-20 13:42:18,921 - WARNING - [Line: 176] - User submission failed due to: ['Enter a whole number.']
2024-01-20 13:42:19,808 - WARNING - [Line: 176] - User submission failed due to: ['Enter a whole number.']
2024-01-20 13:42:21,747 - WARNING - [Line: 176] - User submission failed due to: ['Enter a whole number.']
2024-01-20 13:42:25,163 - WARNING - [Line: 176] - User submission failed due to: ['Enter a whole number.']
2024-01-20 13:42:35,127 - WARNING - [Line: 176] - User submission failed due to: ['Enter a whole number.']
2024-01-20 13:42:36,205 - WARNING - [Line: 176] - User submission failed due to: ['Enter a whole number.']
2024-01-20 13:44:54,121 - WARNING - [Line: 176] - User submission failed due to: ['Enter a whole number.']
2024-01-20 13:45:31,524 - WARNING - [Line: 176] - User submission failed due to: ['Enter a whole number.']
2024-01-20 13:45:47,605 - WARNING - [Line: 176] - User submission failed due to: ['Enter a whole number.']
2024-01-20 13:46:17,249 - WARNING - [Line: 176] - User submission failed due to: ['Enter a whole number.']
2024-01-20 13:46:19,744 - WARNING - [Line: 176] - User submission failed due to: ['Enter a whole number.']
2024-01-20 13:47:05,258 - WARNING - [Line: 176] - User submission failed due to: ['Enter a whole number.']
2024-01-20 13:47:06,729 - WARNING - [Line: 176] - User submission failed due to: ['Enter a whole number.']
2024-01-20 13:47:28,882 - WARNING - [Line: 176] - User submission failed due to: ['Enter a whole number.']
2024-01-20 13:47:32,903 - WARNING - [Line: 176] - User submission failed due to: ['Enter a whole number.']
2024-01-20 13:47:33,552 - WARNING - [Line: 176] - User submission failed due to: ['Enter a whole number.']
2024-01-20 13:47:39,875 - WARNING - [Line: 176] - User submission failed due to: ['Enter a whole number.']
2024-01-20 13:47:59,876 - WARNING - [Line: 176] - User submission failed due to: ['Enter a whole number.']
2024-01-20 13:48:05,273 - WARNING - [Line: 176] - User submission failed due to: ['Enter a whole number.']
2024-01-20 13:48:10,938 - WARNING - [Line: 176] - User submission failed due to: ['Enter a whole number.']
2024-01-20 13:48:15,986 - WARNING - [Line: 176] - User submission failed due to: ['Enter a whole number.']
2024-01-20 13:48:30,034 - WARNING - [Line: 176] - User submission failed due to: ['Enter a whole number.']
2024-01-20 13:58:41,580 - WARNING - [Line: 176] - User submission failed due to: ['Enter a whole number.']
2024-01-20 13:58:47,289 - WARNING - [Line: 176] - User submission failed due to: ['Enter a whole number.']
2024-01-20 14:02:06,575 - WARNING - [Line: 176] - User submission failed due to: ['Enter a whole number.']
2024-01-20 14:02:13,529 - WARNING - [Line: 176] - User submission failed due to: ['Enter a whole number.']
2024-01-20 14:02:25,114 - WARNING - [Line: 176] - User submission failed due to: ['Enter a whole number.']
2024-01-20 14:02:54,385 - WARNING - [Line: 176] - User submission failed due to: ['Enter a whole number.']
2024-01-20 14:05:42,036 - WARNING - [Line: 176] - User submission failed due to: ['Enter a whole number.']
2024-01-20 14:05:56,209 - WARNING - [Line: 176] - User submission failed due to: ['Enter a whole number.']
2024-01-20 14:06:04,189 - WARNING - [Line: 176] - User submission failed due to: ['Enter a whole number.']
2024-01-20 14:06:28,667 - WARNING - [Line: 176] - User submission failed due to: ['Enter a whole number.']
2024-01-20 14:06:29,530 - WARNING - [Line: 176] - User submission failed due to: ['Enter a whole number.']
2024-01-20 14:06:38,838 - WARNING - [Line: 176] - User submission failed due to: ['Enter a whole number.']
2024-01-20 14:06:50,647 - WARNING - [Line: 176] - User submission failed due to: ['Enter a whole number.']
2024-01-20 14:06:56,349 - WARNING - [Line: 176] - User submission failed due to: ['Enter a whole number.']
2024-01-20 14:08:04,442 - WARNING - [Line: 176] - User submission failed due to: ['Enter a whole number.']
2024-01-20 14:10:24,519 - WARNING - [Line: 176] - User submission failed due to: ['Enter a whole number.']
2024-01-20 14:10:43,477 - WARNING - [Line: 176] - User submission failed due to: ['Enter a whole number.']
2024-01-20 14:11:56,506 - WARNING - [Line: 176] - User submission failed due to: ['Enter a whole number.']
2024-01-20 14:26:51,851 - WARNING - [Line: 176] - User submission failed due to: ['Enter a whole number.']
2024-01-20 14:26:55,223 - WARNING - [Line: 176] - User submission failed due to: ['Enter a whole number.']
2024-01-20 14:26:59,639 - WARNING - [Line: 176] - User submission failed due to: ['Enter a whole number.']
2024-01-20 14:30:42,217 - WARNING - [Line: 176] - User submission failed due to: ['Enter a whole number.']
2024-01-20 14:30:43,085 - WARNING - [Line: 176] - User submission failed due to: ['Enter a whole number.']
2024-01-20 14:30:48,820 - WARNING - [Line: 176] - User submission failed due to: ['Enter a whole number.']
2024-01-20 14:31:50,492 - WARNING - [Line: 176] - User submission failed due to: ['Enter a whole number.']
2024-01-21 22:08:19,748 - WARNING - [Line: 185] - User submission failed due to improper HTTP request.
2024-01-21 22:08:22,190 - WARNING - [Line: 185] - User submission failed due to improper HTTP request.
2024-01-22 10:25:42,345 - WARNING - [Line: 185] - User submission failed due to improper HTTP request.
2024-01-22 10:25:47,315 - WARNING - [Line: 185] - User submission failed due to improper HTTP request.
2024-01-22 10:25:58,637 - WARNING - [Line: 185] - User submission failed due to improper HTTP request.
2024-01-22 12:42:44,829 - WARNING - [Line: 176] - User submission failed due to: ['Start time is no longer available. Please select again.']
2024-01-22 12:45:00,835 - WARNING - [Line: 176] - User submission failed due to: ['Start time is no longer available. Please select again.']
2024-01-24 14:12:49,459 - CRITICAL - [Line: 96] - An error occurred with reverse URL processing.
2024-01-24 14:15:17,187 - CRITICAL - [Line: 96] - An error occurred with reverse URL processing.
2024-01-24 14:15:18,304 - CRITICAL - [Line: 96] - An error occurred with reverse URL processing.
2024-01-24 14:15:38,758 - CRITICAL - [Line: 96] - An error occurred with reverse URL processing.
2024-01-24 14:15:58,956 - CRITICAL - [Line: 96] - An error occurred with reverse URL processing.
2024-01-24 14:17:38,294 - CRITICAL - [Line: 96] - An error occurred with reverse URL processing.
2024-01-24 14:19:11,558 - CRITICAL - [Line: 96] - An error occurred with reverse URL processing.
2024-01-24 14:19:38,168 - CRITICAL - [Line: 96] - An error occurred with reverse URL processing.
2024-01-24 14:23:15,737 - CRITICAL - [Line: 96] - An error occurred with reverse URL processing.
2024-01-24 14:23:27,735 - CRITICAL - [Line: 96] - An error occurred with reverse URL processing.
2024-01-24 14:23:28,910 - CRITICAL - [Line: 96] - An error occurred with reverse URL processing.
2024-01-24 14:23:52,155 - CRITICAL - [Line: 96] - An error occurred with reverse URL processing.
2024-01-24 14:26:28,471 - CRITICAL - [Line: 96] - An error occurred with reverse URL processing.
2024-01-24 14:26:50,394 - CRITICAL - [Line: 96] - An error occurred with reverse URL processing.
2024-01-24 15:08:26,121 - CRITICAL - [Line: 96] - An error occurred with reverse URL processing.
2024-01-24 15:08:39,341 - CRITICAL - [Line: 96] - An error occurred with reverse URL processing.
2024-01-24 15:08:49,167 - CRITICAL - [Line: 96] - An error occurred with reverse URL processing.
2024-01-24 15:10:51,589 - CRITICAL - [Line: 134] - Incorrect HTTP Request from REST API
2024-01-24 17:55:51,812 - CRITICAL - [Line: 85] - Improper JSON formatting!
2024-01-24 17:57:03,380 - CRITICAL - [Line: 84] - Improper JSON formatting!
2024-01-26 18:37:16,921 - CRITICAL - [Line: 106] - Imroper JSON Formatting!
2024-01-26 18:43:32,884 - WARNING - [Line: 103] - Failed Entry!
2024-01-26 18:43:42,529 - WARNING - [Line: 103] - Failed Entry!
2024-01-26 18:45:59,295 - CRITICAL - [Line: 106] - Invalid Data!
2024-01-26 18:46:11,691 - CRITICAL - [Line: 106] - Invalid HTTP Request!
2024-01-26 18:47:18,502 - CRITICAL - [Line: 106] - Invalid Data!
2024-01-26 18:49:03,380 - CRITICAL - [Line: 106] - Invalid HTTP Request!
2024-01-26 18:49:08,804 - CRITICAL - [Line: 106] - Invalid Data!
2024-01-26 18:51:46,523 - CRITICAL - [Line: 106] - Imroper JSON Formatting!
2024-01-26 19:29:45,384 - WARNING - [Line: 261] - User submission failed due to: ['Start time is no longer available. Please select again.']
2024-01-27 15:05:05,499 - WARNING - [Line: 196] - Failed Entry!
2024-01-27 15:05:12,129 - WARNING - [Line: 196] - Failed Entry!
2024-01-27 15:10:18,650 - WARNING - [Line: 196] - Failed Entry!
2024-01-27 15:32:21,449 - WARNING - [Line: 196] - Failed Entry!
2024-02-02 17:27:57,446 - WARNING - [Line: 196] - Failed Entry!
2024-02-06 10:48:32,873 - WARNING - [Line: 536] - User submission failed due to improper HTTP request.
2024-02-06 10:48:40,459 - WARNING - [Line: 536] - User submission failed due to improper HTTP request.
2024-02-06 11:12:51,987 - WARNING - [Line: 526] - User submission failed due to: <ul class="errorlist nonfield"><li>Start time is no longer available. Please select again.</li></ul>
2024-02-06 11:15:33,845 - WARNING - [Line: 526] - User submission failed due to: <ul class="errorlist nonfield"><li>Start time is no longer available. Please select again.</li></ul>
2024-02-06 11:16:19,136 - WARNING - [Line: 526] - User submission failed due to: <ul class="errorlist nonfield"><li>Start time is no longer available. Please select again.</li></ul>
2024-02-06 11:16:37,775 - WARNING - [Line: 526] - User submission failed due to: <ul class="errorlist nonfield"><li>Start time is no longer available. Please select again.</li></ul>
2024-02-06 11:18:15,846 - WARNING - [Line: 526] - User submission failed due to: [['Start time is no longer available. Please select again.']]
2024-02-06 11:18:40,647 - WARNING - [Line: 526] - User submission failed due to: [['Start time is no longer available. Please select again.']]
2024-02-06 11:20:06,214 - WARNING - [Line: 528] - User submission failed due to: [['Start time is no longer available. Please select again.']]
2024-02-06 11:22:44,336 - WARNING - [Line: 528] - User submission failed due to: [['Start time is no longer available. Please select again.']]
2024-02-06 11:26:36,520 - WARNING - [Line: 528] - User submission failed due to: [['Start time is no longer available. Please select again.']]
2024-02-06 11:30:51,201 - WARNING - [Line: 528] - User submission failed due to: [['Start time is no longer available. Please select again.'], ['Ensure this value is less than or equal to 2147483647.']]
2024-02-07 15:10:07,531 - CRITICAL - [Line: 199] - Invalid HTTP Request!
2024-02-07 15:10:34,712 - WARNING - [Line: 196] - Failed Entry!
2024-02-07 15:33:48,689 - WARNING - [Line: 528] - User submission failed due to: [['Start time is no longer available. Please select again.']]
2024-02-07 15:33:51,804 - WARNING - [Line: 528] - User submission failed due to: [['Start time is no longer available. Please select again.']]
2024-02-07 15:33:54,515 - WARNING - [Line: 528] - User submission failed due to: [['Start time is no longer available. Please select again.']]
2024-02-11 15:16:59,903 - CRITICAL - [Line: 199] - Imroper JSON Formatting!
2024-02-11 15:18:26,096 - CRITICAL - [Line: 199] - Imroper JSON Formatting!
2024-02-11 15:18:34,326 - CRITICAL - [Line: 199] - Imroper JSON Formatting!
2024-02-11 15:19:04,474 - CRITICAL - [Line: 199] - Imroper JSON Formatting!
2024-02-11 15:21:21,826 - CRITICAL - [Line: 199] - Imroper JSON Formatting!
2024-02-11 15:21:31,308 - CRITICAL - [Line: 199] - Imroper JSON Formatting!
2024-02-11 15:22:21,366 - CRITICAL - [Line: 199] - Imroper JSON Formatting!
2024-02-11 15:23:14,111 - CRITICAL - [Line: 199] - Imroper JSON Formatting!
2024-02-11 15:24:06,461 - CRITICAL - [Line: 199] - Imroper JSON Formatting!
2024-02-11 15:24:23,691 - CRITICAL - [Line: 199] - Imroper JSON Formatting!
2024-02-11 15:24:43,831 - CRITICAL - [Line: 199] - Imroper JSON Formatting!
2024-02-11 15:28:03,197 - CRITICAL - [Line: 199] - Imroper JSON Formatting!
2024-02-11 15:29:04,052 - CRITICAL - [Line: 199] - Imroper JSON Formatting!
2024-02-11 15:29:12,535 - CRITICAL - [Line: 199] - Imroper JSON Formatting!
2024-02-11 15:31:13,698 - CRITICAL - [Line: 199] - Imroper JSON Formatting!
2024-02-11 15:31:19,806 - CRITICAL - [Line: 199] - Imroper JSON Formatting!
2024-02-11 15:31:20,759 - CRITICAL - [Line: 199] - Imroper JSON Formatting!
2024-02-11 15:44:55,630 - CRITICAL - [Line: 199] - Imroper JSON Formatting!
2024-03-26 22:36:48,178 - CRITICAL - [Line: 210] - 6
2024-03-26 22:48:54,369 - CRITICAL - [Line: 213] - 6
2024-03-26 22:49:17,190 - CRITICAL - [Line: 213] - 5
2024-03-26 22:49:24,555 - CRITICAL - [Line: 213] - 5
2024-03-26 22:49:31,087 - CRITICAL - [Line: 213] - 5
2024-03-26 22:49:43,149 - CRITICAL - [Line: 213] - 3
2024-03-26 22:57:21,190 - CRITICAL - [Line: 213] - 6
2024-03-26 22:57:27,554 - CRITICAL - [Line: 213] - 3
2024-03-26 22:58:06,901 - CRITICAL - [Line: 213] - 6
2024-03-26 22:58:54,345 - CRITICAL - [Line: 213] - 6
2024-03-26 22:59:13,407 - CRITICAL - [Line: 213] - 6
2024-03-26 23:03:21,013 - CRITICAL - [Line: 213] - 6
2024-03-26 23:03:25,559 - CRITICAL - [Line: 213] - 6
2024-03-26 23:05:40,704 - CRITICAL - [Line: 213] - 6
2024-03-26 23:05:45,035 - CRITICAL - [Line: 213] - 6
2024-03-26 23:07:53,909 - CRITICAL - [Line: 213] - 3
2024-03-26 23:07:58,762 - CRITICAL - [Line: 213] - 6
2024-03-26 23:08:02,998 - CRITICAL - [Line: 213] - 6
2024-03-26 23:08:08,444 - CRITICAL - [Line: 213] - 6
2024-03-26 23:08:22,242 - CRITICAL - [Line: 213] - 6
2024-03-26 23:08:26,268 - CRITICAL - [Line: 213] - 6
2024-03-26 23:08:30,737 - CRITICAL - [Line: 213] - 6
2024-03-26 23:10:43,053 - WARNING - [Line: 210] - 2
2024-04-04 11:05:38,981 - WARNING - [Line: 210] - 2
2024-04-04 11:05:53,449 - CRITICAL - [Line: 213] - 6
2024-04-06 17:22:48,282 - CRITICAL - [Line: 213] - 6
2024-04-06 17:22:53,907 - CRITICAL - [Line: 213] - 6
2024-04-06 17:22:59,690 - CRITICAL - [Line: 213] - 3
2024-04-06 17:23:35,891 - WARNING - [Line: 210] - 2
2024-04-09 18:42:20,689 - CRITICAL - [Line: 213] - 3
2024-04-09 18:45:22,458 - CRITICAL - [Line: 213] - 3
2024-04-09 18:48:04,913 - CRITICAL - [Line: 213] - 3
2024-04-09 18:58:47,596 - CRITICAL - [Line: 213] - 3
2024-04-09 18:58:52,825 - CRITICAL - [Line: 213] - 3
2024-04-09 18:58:58,080 - CRITICAL - [Line: 213] - 3
2024-04-09 18:59:06,370 - CRITICAL - [Line: 213] - 3
2024-04-09 18:59:11,602 - CRITICAL - [Line: 213] - 3
2024-04-09 18:59:16,875 - CRITICAL - [Line: 213] - 3
2024-04-09 19:09:52,449 - CRITICAL - [Line: 213] - 3
2024-04-09 19:12:19,594 - CRITICAL - [Line: 213] - 3
2024-04-09 19:54:37,701 - CRITICAL - [Line: 213] - 3
2024-04-09 19:56:44,495 - CRITICAL - [Line: 213] - 3
2024-04-09 21:17:10,922 - CRITICAL - [Line: 213] - 3
2024-04-09 21:18:02,654 - CRITICAL - [Line: 213] - 3
2024-04-09 21:18:28,915 - CRITICAL - [Line: 213] - 3
2024-04-09 21:32:46,521 - CRITICAL - [Line: 213] - 3
2024-04-09 21:33:30,479 - CRITICAL - [Line: 213] - 3
2024-04-09 22:53:55,645 - CRITICAL - [Line: 213] - 3
2024-04-09 22:59:34,026 - CRITICAL - [Line: 213] - 3
2024-04-09 23:00:15,491 - CRITICAL - [Line: 213] - 3
2024-04-09 23:00:35,963 - CRITICAL - [Line: 213] - 3
2024-04-09 23:16:14,593 - CRITICAL - [Line: 213] - 3
2024-04-09 23:16:57,788 - CRITICAL - [Line: 213] - 3
2024-04-09 23:21:13,070 - CRITICAL - [Line: 213] - 6
2024-04-09 23:23:06,729 - CRITICAL - [Line: 213] - 6
2024-04-09 23:23:20,397 - CRITICAL - [Line: 213] - 6
2024-04-09 23:23:21,496 - CRITICAL - [Line: 213] - 6
2024-04-09 23:23:30,208 - CRITICAL - [Line: 213] - 6
2024-04-09 23:26:13,078 - CRITICAL - [Line: 213] - 6
2024-04-10 11:39:46,975 - CRITICAL - [Line: 213] - 6
2024-04-10 12:02:51,324 - CRITICAL - [Line: 213] - 6
2024-04-12 16:51:37,571 - CRITICAL - [Line: 213] - 3
2024-04-12 16:51:52,113 - WARNING - [Line: 210] - 2
2024-04-12 16:56:41,387 - CRITICAL - [Line: 213] - 3
2024-04-12 16:58:16,621 - CRITICAL - [Line: 213] - 3
2024-04-12 17:00:28,407 - CRITICAL - [Line: 213] - 3
2024-04-12 17:08:01,835 - CRITICAL - [Line: 213] - 3
2024-04-12 17:09:30,188 - CRITICAL - [Line: 213] - 3
2024-04-12 17:10:07,039 - WARNING - [Line: 210] - 2
2024-04-12 17:10:23,395 - WARNING - [Line: 210] - 2
2024-04-12 17:10:45,590 - CRITICAL - [Line: 213] - 3
2024-04-12 17:14:33,565 - WARNING - [Line: 210] - 2
2024-04-12 17:14:34,961 - WARNING - [Line: 210] - 2
2024-04-12 17:15:33,314 - CRITICAL - [Line: 213] - 3
2024-04-12 17:18:44,839 - CRITICAL - [Line: 213] - 3
2024-04-12 17:20:03,236 - CRITICAL - [Line: 213] - 3
2024-04-12 17:24:22,098 - CRITICAL - [Line: 213] - 3
2024-04-12 17:28:41,681 - CRITICAL - [Line: 213] - 3
2024-04-12 17:33:47,303 - CRITICAL - [Line: 213] - 3
2024-04-12 17:34:07,529 - WARNING - [Line: 210] - 2
2024-04-12 17:36:14,554 - CRITICAL - [Line: 213] - 3
2024-04-12 17:43:53,664 - CRITICAL - [Line: 213] - 6
2024-04-12 17:53:55,910 - CRITICAL - [Line: 213] - 3
2024-04-12 17:56:03,229 - CRITICAL - [Line: 213] - 3
2024-04-12 17:58:40,007 - CRITICAL - [Line: 213] - 6
2024-04-12 18:03:52,740 - WARNING - [Line: 210] - 2
2024-04-12 18:03:53,065 - WARNING - [Line: 210] - 2
2024-04-12 18:03:53,312 - WARNING - [Line: 210] - 2
2024-04-12 18:03:53,591 - WARNING - [Line: 210] - 2
2024-04-12 18:03:53,824 - WARNING - [Line: 210] - 2
2024-04-12 18:03:54,072 - WARNING - [Line: 210] - 2
2024-04-12 18:03:54,325 - WARNING - [Line: 210] - 2
2024-04-12 18:03:54,569 - WARNING - [Line: 210] - 2
2024-04-12 18:03:54,832 - WARNING - [Line: 210] - 2
2024-04-12 18:03:55,063 - WARNING - [Line: 210] - 2
2024-04-12 18:03:55,332 - WARNING - [Line: 210] - 2
2024-04-12 18:04:00,576 - WARNING - [Line: 210] - 2
2024-04-12 18:04:00,823 - WARNING - [Line: 210] - 2
2024-04-12 18:04:01,071 - WARNING - [Line: 210] - 2
2024-04-12 18:04:01,317 - WARNING - [Line: 210] - 2
2024-04-12 18:04:01,570 - WARNING - [Line: 210] - 2
2024-04-12 18:04:01,842 - WARNING - [Line: 210] - 2
2024-04-12 18:04:02,069 - WARNING - [Line: 210] - 2
2024-04-12 18:04:02,320 - WARNING - [Line: 210] - 2
2024-04-12 18:04:02,567 - WARNING - [Line: 210] - 2
2024-04-12 18:04:02,818 - WARNING - [Line: 210] - 2
2024-04-12 18:04:03,067 - WARNING - [Line: 210] - 2
2024-04-12 18:04:08,333 - WARNING - [Line: 210] - 2
2024-04-12 18:04:08,568 - WARNING - [Line: 210] - 2
2024-04-12 18:04:08,814 - WARNING - [Line: 210] - 2
2024-04-12 18:04:09,063 - WARNING - [Line: 210] - 2
2024-04-12 18:04:09,313 - WARNING - [Line: 210] - 2
2024-04-12 18:04:09,562 - WARNING - [Line: 210] - 2
2024-04-12 18:04:09,846 - WARNING - [Line: 210] - 2
2024-04-12 18:04:10,063 - WARNING - [Line: 210] - 2
2024-04-12 18:04:10,326 - WARNING - [Line: 210] - 2
2024-04-12 18:04:10,569 - WARNING - [Line: 210] - 2
2024-04-12 18:04:10,818 - WARNING - [Line: 210] - 2
2024-04-12 18:08:14,437 - CRITICAL - [Line: 213] - 3
2024-04-12 18:08:14,777 - CRITICAL - [Line: 213] - 3
2024-04-12 18:08:15,024 - CRITICAL - [Line: 213] - 3
2024-04-12 18:08:15,274 - CRITICAL - [Line: 213] - 3
2024-04-12 18:08:15,539 - CRITICAL - [Line: 213] - 3
2024-04-12 18:08:15,778 - CRITICAL - [Line: 213] - 3
2024-04-12 18:08:16,019 - CRITICAL - [Line: 213] - 3
2024-04-12 18:08:16,264 - CRITICAL - [Line: 213] - 3
2024-04-12 18:08:16,530 - CRITICAL - [Line: 213] - 3
2024-04-12 18:08:16,779 - CRITICAL - [Line: 213] - 3
2024-04-12 18:08:17,024 - CRITICAL - [Line: 213] - 3
2024-04-12 18:08:22,307 - CRITICAL - [Line: 213] - 3
2024-04-12 18:08:22,516 - CRITICAL - [Line: 213] - 3
2024-04-12 18:08:22,766 - CRITICAL - [Line: 213] - 3
2024-04-12 18:08:23,029 - CRITICAL - [Line: 213] - 3
2024-04-12 18:08:23,278 - CRITICAL - [Line: 213] - 3
2024-04-12 18:08:23,543 - CRITICAL - [Line: 213] - 3
2024-04-12 18:08:23,768 - CRITICAL - [Line: 213] - 3
2024-04-12 18:08:24,022 - CRITICAL - [Line: 213] - 3
2024-04-12 18:08:24,281 - CRITICAL - [Line: 213] - 3
2024-04-12 18:08:24,532 - CRITICAL - [Line: 213] - 3
2024-04-12 18:08:24,783 - CRITICAL - [Line: 213] - 3
2024-04-12 18:08:30,033 - CRITICAL - [Line: 213] - 3
2024-04-12 18:08:30,279 - CRITICAL - [Line: 213] - 3
2024-04-12 18:08:30,528 - CRITICAL - [Line: 213] - 3
2024-04-12 18:08:30,777 - CRITICAL - [Line: 213] - 3
2024-04-12 18:08:31,024 - CRITICAL - [Line: 213] - 3
2024-04-12 18:08:31,276 - CRITICAL - [Line: 213] - 3
2024-04-12 18:08:31,552 - CRITICAL - [Line: 213] - 3
2024-04-12 18:08:31,768 - CRITICAL - [Line: 213] - 3
2024-04-12 18:08:32,034 - CRITICAL - [Line: 213] - 3
2024-04-12 18:08:32,281 - CRITICAL - [Line: 213] - 3
2024-04-12 18:08:32,524 - CRITICAL - [Line: 213] - 3
2024-04-12 18:08:37,791 - CRITICAL - [Line: 213] - 3
2024-04-12 18:08:38,040 - CRITICAL - [Line: 213] - 3
2024-04-12 18:08:38,288 - CRITICAL - [Line: 213] - 3
2024-04-12 18:08:38,535 - CRITICAL - [Line: 213] - 3
2024-04-12 18:08:38,768 - CRITICAL - [Line: 213] - 3
2024-04-12 18:08:39,031 - CRITICAL - [Line: 213] - 3
2024-04-12 18:08:39,266 - CRITICAL - [Line: 213] - 3
2024-04-12 18:08:39,554 - CRITICAL - [Line: 213] - 3
2024-04-12 18:08:39,782 - CRITICAL - [Line: 213] - 3
2024-04-12 18:08:40,024 - CRITICAL - [Line: 213] - 3
2024-04-12 18:08:40,286 - CRITICAL - [Line: 213] - 3
2024-04-12 18:08:45,532 - CRITICAL - [Line: 213] - 3
2024-04-12 18:08:45,778 - CRITICAL - [Line: 213] - 3
2024-04-12 18:08:46,029 - CRITICAL - [Line: 213] - 3
2024-04-12 18:08:46,275 - CRITICAL - [Line: 213] - 3
2024-04-12 18:08:46,525 - CRITICAL - [Line: 213] - 3
2024-04-12 18:08:46,771 - CRITICAL - [Line: 213] - 3
2024-04-12 18:08:47,023 - CRITICAL - [Line: 213] - 3
2024-04-12 18:08:47,269 - CRITICAL - [Line: 213] - 3
2024-04-12 18:08:47,533 - CRITICAL - [Line: 213] - 3
2024-04-12 18:08:47,765 - CRITICAL - [Line: 213] - 3
2024-04-12 18:08:48,028 - CRITICAL - [Line: 213] - 3
2024-04-12 18:08:53,283 - CRITICAL - [Line: 213] - 3
2024-04-12 18:08:53,547 - CRITICAL - [Line: 213] - 3
2024-04-12 18:08:53,777 - CRITICAL - [Line: 213] - 3
2024-04-12 18:08:54,024 - CRITICAL - [Line: 213] - 3
2024-04-12 18:08:54,274 - CRITICAL - [Line: 213] - 3
2024-04-12 18:08:54,522 - CRITICAL - [Line: 213] - 3
2024-04-12 18:08:54,769 - CRITICAL - [Line: 213] - 3
2024-04-12 18:08:55,036 - CRITICAL - [Line: 213] - 3
2024-04-12 18:08:55,268 - CRITICAL - [Line: 213] - 3
2024-04-12 18:08:55,546 - CRITICAL - [Line: 213] - 3
2024-04-12 18:08:55,778 - CRITICAL - [Line: 213] - 3
2024-04-12 18:09:01,047 - CRITICAL - [Line: 213] - 3
2024-04-12 18:09:01,284 - CRITICAL - [Line: 213] - 3
2024-04-12 18:09:01,550 - CRITICAL - [Line: 213] - 3
2024-04-12 18:09:01,774 - CRITICAL - [Line: 213] - 3
2024-04-12 18:09:02,038 - CRITICAL - [Line: 213] - 3
2024-04-12 18:09:02,269 - CRITICAL - [Line: 213] - 3
2024-04-12 18:09:02,521 - CRITICAL - [Line: 213] - 3
2024-04-12 18:09:02,786 - CRITICAL - [Line: 213] - 3
2024-04-12 18:09:03,014 - CRITICAL - [Line: 213] - 3
2024-04-12 18:09:03,295 - CRITICAL - [Line: 213] - 3
2024-04-12 18:09:03,540 - CRITICAL - [Line: 213] - 3
2024-04-12 18:09:08,787 - CRITICAL - [Line: 213] - 3
2024-04-12 18:09:09,036 - CRITICAL - [Line: 213] - 3
2024-04-12 18:09:09,272 - CRITICAL - [Line: 213] - 3
2024-04-12 18:09:09,534 - CRITICAL - [Line: 213] - 3
2024-04-12 18:09:09,784 - CRITICAL - [Line: 213] - 3
2024-04-12 18:09:10,018 - CRITICAL - [Line: 213] - 3
2024-04-12 18:09:10,281 - CRITICAL - [Line: 213] - 3
2024-04-12 18:09:10,514 - CRITICAL - [Line: 213] - 3
2024-04-12 18:09:10,781 - CRITICAL - [Line: 213] - 3
2024-04-12 18:09:11,030 - CRITICAL - [Line: 213] - 3
2024-04-12 18:09:11,296 - CRITICAL - [Line: 213] - 3
2024-04-12 18:09:16,551 - CRITICAL - [Line: 213] - 3
2024-04-12 18:09:16,767 - CRITICAL - [Line: 213] - 3
2024-04-12 18:09:17,017 - CRITICAL - [Line: 213] - 3
2024-04-12 18:09:17,278 - CRITICAL - [Line: 213] - 3
2024-04-12 18:09:17,544 - CRITICAL - [Line: 213] - 3
2024-04-12 18:09:17,781 - CRITICAL - [Line: 213] - 3
2024-04-12 18:09:18,022 - CRITICAL - [Line: 213] - 3
2024-04-12 18:09:18,271 - CRITICAL - [Line: 213] - 3
2024-04-12 18:09:18,522 - CRITICAL - [Line: 213] - 3
2024-04-12 18:09:18,776 - CRITICAL - [Line: 213] - 3
2024-04-12 18:09:19,019 - CRITICAL - [Line: 213] - 3
2024-04-12 18:09:24,281 - CRITICAL - [Line: 213] - 3
2024-04-12 18:09:24,532 - CRITICAL - [Line: 213] - 3
2024-04-12 18:09:24,780 - CRITICAL - [Line: 213] - 3
2024-04-12 18:09:31,623 - CRITICAL - [Line: 213] - 3
2024-04-12 18:09:31,967 - CRITICAL - [Line: 213] - 3
2024-04-12 18:09:32,215 - CRITICAL - [Line: 213] - 3
2024-04-12 18:09:32,465 - CRITICAL - [Line: 213] - 3
2024-04-12 18:09:32,736 - CRITICAL - [Line: 213] - 3
2024-04-12 18:09:32,965 - CRITICAL - [Line: 213] - 3
2024-04-12 18:09:33,213 - CRITICAL - [Line: 213] - 3
2024-04-12 18:09:33,466 - CRITICAL - [Line: 213] - 3
2024-04-12 18:09:33,713 - CRITICAL - [Line: 213] - 3
2024-04-12 18:09:33,960 - CRITICAL - [Line: 213] - 3
2024-04-12 18:09:34,208 - CRITICAL - [Line: 213] - 3
2024-04-12 18:09:39,466 - CRITICAL - [Line: 213] - 3
2024-04-12 18:09:39,715 - CRITICAL - [Line: 213] - 3
2024-04-12 18:09:39,967 - CRITICAL - [Line: 213] - 3
2024-04-12 18:09:40,211 - CRITICAL - [Line: 213] - 3
2024-04-12 18:09:40,466 - CRITICAL - [Line: 213] - 3
2024-04-12 18:09:40,736 - CRITICAL - [Line: 213] - 3
2024-04-12 18:09:40,974 - CRITICAL - [Line: 213] - 3
2024-04-12 18:09:41,227 - CRITICAL - [Line: 213] - 3
2024-04-12 18:09:41,459 - CRITICAL - [Line: 213] - 3
2024-04-12 18:09:41,709 - CRITICAL - [Line: 213] - 3
2024-04-12 18:09:41,968 - CRITICAL - [Line: 213] - 3
2024-04-12 18:09:47,222 - CRITICAL - [Line: 213] - 3
2024-04-12 18:09:47,470 - CRITICAL - [Line: 213] - 3
2024-04-12 18:09:47,718 - CRITICAL - [Line: 213] - 3
2024-04-12 18:09:47,967 - CRITICAL - [Line: 213] - 3
2024-04-12 18:09:48,246 - CRITICAL - [Line: 213] - 3
2024-04-12 18:09:48,461 - CRITICAL - [Line: 213] - 3
2024-04-12 18:09:48,739 - CRITICAL - [Line: 213] - 3
2024-04-12 18:09:48,982 - CRITICAL - [Line: 213] - 3
2024-04-12 18:09:49,215 - CRITICAL - [Line: 213] - 3
2024-04-12 18:09:49,464 - CRITICAL - [Line: 213] - 3
2024-04-12 18:09:49,714 - CRITICAL - [Line: 213] - 3
2024-04-12 18:10:22,092 - CRITICAL - [Line: 213] - 3
2024-04-12 18:10:22,421 - CRITICAL - [Line: 213] - 3
2024-04-12 18:10:22,671 - CRITICAL - [Line: 213] - 3
2024-04-12 18:10:22,920 - CRITICAL - [Line: 213] - 3
2024-04-12 18:10:23,171 - CRITICAL - [Line: 213] - 3
2024-04-12 18:10:23,423 - CRITICAL - [Line: 213] - 3
2024-04-12 18:10:23,669 - CRITICAL - [Line: 213] - 3
2024-04-12 18:10:23,915 - CRITICAL - [Line: 213] - 3
2024-04-12 18:10:24,162 - CRITICAL - [Line: 213] - 3
2024-04-12 18:10:24,413 - CRITICAL - [Line: 213] - 3
2024-04-12 18:10:24,661 - CRITICAL - [Line: 213] - 3
2024-04-12 18:10:29,925 - CRITICAL - [Line: 213] - 3
2024-04-12 18:10:30,173 - CRITICAL - [Line: 213] - 3
2024-04-12 18:10:30,428 - CRITICAL - [Line: 213] - 3
2024-04-12 18:10:30,668 - CRITICAL - [Line: 213] - 3
2024-04-12 18:10:30,916 - CRITICAL - [Line: 213] - 3
2024-04-12 18:10:31,164 - CRITICAL - [Line: 213] - 3
2024-04-12 18:10:31,411 - CRITICAL - [Line: 213] - 3
2024-04-12 18:10:31,673 - CRITICAL - [Line: 213] - 3
2024-04-12 18:10:31,924 - CRITICAL - [Line: 213] - 3
2024-04-12 18:10:32,171 - CRITICAL - [Line: 213] - 3
2024-04-12 18:10:32,424 - CRITICAL - [Line: 213] - 3
2024-04-12 18:10:37,673 - CRITICAL - [Line: 213] - 3
2024-04-12 18:10:37,920 - CRITICAL - [Line: 213] - 3
2024-04-12 18:10:38,170 - CRITICAL - [Line: 213] - 3
2024-04-12 18:10:38,419 - CRITICAL - [Line: 213] - 3
2024-04-12 18:10:38,671 - CRITICAL - [Line: 213] - 3
2024-04-12 18:10:38,917 - CRITICAL - [Line: 213] - 3
2024-04-12 18:10:39,180 - CRITICAL - [Line: 213] - 3
2024-04-12 18:10:39,413 - CRITICAL - [Line: 213] - 3
2024-04-12 18:10:39,662 - CRITICAL - [Line: 213] - 3
2024-04-12 18:10:39,911 - CRITICAL - [Line: 213] - 3
2024-04-12 18:10:40,161 - CRITICAL - [Line: 213] - 3
2024-04-12 18:10:45,429 - CRITICAL - [Line: 213] - 3
2024-04-12 18:10:45,679 - CRITICAL - [Line: 213] - 3
2024-04-12 18:10:45,917 - CRITICAL - [Line: 213] - 3
2024-04-12 18:10:46,162 - CRITICAL - [Line: 213] - 3
2024-04-12 18:10:46,411 - CRITICAL - [Line: 213] - 3
2024-04-12 18:10:46,658 - CRITICAL - [Line: 213] - 3
2024-04-12 18:10:46,923 - CRITICAL - [Line: 213] - 3
2024-04-12 18:10:47,186 - CRITICAL - [Line: 213] - 3
2024-04-12 18:10:47,418 - CRITICAL - [Line: 213] - 3
2024-04-12 18:10:47,667 - CRITICAL - [Line: 213] - 3
2024-04-12 18:10:47,916 - CRITICAL - [Line: 213] - 3
2024-04-12 18:10:53,170 - CRITICAL - [Line: 213] - 3
2024-04-12 18:10:53,419 - CRITICAL - [Line: 213] - 3
2024-04-12 18:10:53,670 - CRITICAL - [Line: 213] - 3
2024-04-12 18:10:53,918 - CRITICAL - [Line: 213] - 3
2024-04-12 18:10:54,182 - CRITICAL - [Line: 213] - 3
2024-04-12 18:10:54,429 - CRITICAL - [Line: 213] - 3
2024-04-12 18:10:54,661 - CRITICAL - [Line: 213] - 3
2024-04-12 18:10:54,921 - CRITICAL - [Line: 213] - 3
2024-04-12 18:10:55,185 - CRITICAL - [Line: 213] - 3
2024-04-12 18:10:55,417 - CRITICAL - [Line: 213] - 3
2024-04-12 18:10:55,671 - CRITICAL - [Line: 213] - 3
2024-04-12 18:11:00,929 - CRITICAL - [Line: 213] - 3
2024-04-12 18:11:01,193 - CRITICAL - [Line: 213] - 3
2024-04-12 18:11:01,423 - CRITICAL - [Line: 213] - 3
2024-04-12 18:11:01,673 - CRITICAL - [Line: 213] - 3
2024-04-12 18:11:01,923 - CRITICAL - [Line: 213] - 3
2024-04-12 18:11:02,169 - CRITICAL - [Line: 213] - 3
2024-04-12 18:11:02,420 - CRITICAL - [Line: 213] - 3
2024-04-12 18:11:02,668 - CRITICAL - [Line: 213] - 3
2024-04-12 18:11:02,917 - CRITICAL - [Line: 213] - 3
2024-04-12 18:11:03,214 - CRITICAL - [Line: 213] - 3
2024-04-12 18:11:03,416 - CRITICAL - [Line: 213] - 3
2024-04-12 20:36:16,850 - CRITICAL - [Line: 213] - 6
2024-04-12 20:57:31,119 - CRITICAL - [Line: 213] - 6
2024-04-12 20:57:32,531 - CRITICAL - [Line: 213] - 6
2024-04-12 20:57:44,429 - CRITICAL - [Line: 213] - 6
2024-04-12 21:25:26,602 - CRITICAL - [Line: 213] - 6
2024-04-12 21:25:52,736 - CRITICAL - [Line: 213] - 3
2024-04-12 21:26:01,200 - CRITICAL - [Line: 213] - 6
2024-04-12 21:27:55,361 - CRITICAL - [Line: 213] - 3
2024-04-12 21:27:55,702 - CRITICAL - [Line: 213] - 3
2024-04-12 21:27:55,963 - CRITICAL - [Line: 213] - 3
2024-04-12 21:27:56,199 - CRITICAL - [Line: 213] - 3
2024-04-12 21:27:56,461 - CRITICAL - [Line: 213] - 3
2024-04-12 21:27:56,712 - CRITICAL - [Line: 213] - 3
2024-04-12 21:27:56,938 - CRITICAL - [Line: 213] - 3
2024-04-12 21:27:57,192 - CRITICAL - [Line: 213] - 3
2024-04-12 21:27:57,441 - CRITICAL - [Line: 213] - 3
2024-04-12 21:27:57,705 - CRITICAL - [Line: 213] - 3
2024-04-12 21:27:57,954 - CRITICAL - [Line: 213] - 3
2024-04-12 21:28:03,208 - CRITICAL - [Line: 213] - 3
2024-04-12 21:28:03,459 - CRITICAL - [Line: 213] - 3
2024-04-12 21:28:03,703 - CRITICAL - [Line: 213] - 3
2024-04-12 21:28:03,951 - CRITICAL - [Line: 213] - 3
2024-04-12 21:28:04,201 - CRITICAL - [Line: 213] - 3
2024-04-12 21:28:04,454 - CRITICAL - [Line: 213] - 3
2024-04-12 21:28:04,703 - CRITICAL - [Line: 213] - 3
2024-04-12 21:28:04,955 - CRITICAL - [Line: 213] - 3
2024-04-12 21:28:05,203 - CRITICAL - [Line: 213] - 3
2024-04-12 21:28:05,452 - CRITICAL - [Line: 213] - 3
2024-04-12 21:28:05,701 - CRITICAL - [Line: 213] - 3
2024-04-12 21:28:10,949 - CRITICAL - [Line: 213] - 3
2024-04-12 21:28:11,199 - CRITICAL - [Line: 213] - 3
2024-04-12 21:28:11,447 - CRITICAL - [Line: 213] - 3
2024-04-12 21:28:11,694 - CRITICAL - [Line: 213] - 3
2024-04-12 21:28:11,943 - CRITICAL - [Line: 213] - 3
2024-04-12 21:28:12,204 - CRITICAL - [Line: 213] - 3
2024-04-12 21:28:12,459 - CRITICAL - [Line: 213] - 3
2024-04-12 21:28:12,692 - CRITICAL - [Line: 213] - 3
2024-04-12 21:28:12,942 - CRITICAL - [Line: 213] - 3
2024-04-12 21:28:13,192 - CRITICAL - [Line: 213] - 3
2024-04-12 21:28:13,441 - CRITICAL - [Line: 213] - 3
2024-04-12 21:28:18,720 - CRITICAL - [Line: 213] - 3
2024-04-12 21:28:18,951 - CRITICAL - [Line: 213] - 3
2024-04-12 21:28:19,201 - CRITICAL - [Line: 213] - 3
2024-04-12 21:28:19,449 - CRITICAL - [Line: 213] - 3
2024-04-12 21:28:19,733 - CRITICAL - [Line: 213] - 3
2024-04-12 21:28:19,973 - CRITICAL - [Line: 213] - 3
2024-04-12 21:28:20,198 - CRITICAL - [Line: 213] - 3
2024-04-12 21:28:20,466 - CRITICAL - [Line: 213] - 3
2024-04-12 21:28:20,696 - CRITICAL - [Line: 213] - 3
2024-04-12 21:28:20,954 - CRITICAL - [Line: 213] - 3
2024-04-12 21:28:21,201 - CRITICAL - [Line: 213] - 3
2024-04-12 21:28:26,459 - CRITICAL - [Line: 213] - 3
2024-04-12 21:28:26,705 - CRITICAL - [Line: 213] - 3
2024-04-12 21:28:26,971 - CRITICAL - [Line: 213] - 3
