2024-01-11 18:31:10,912 - DEBUG - [Line: 26] - Entering __setupFunction...
2024-01-11 18:31:10,913 - DEBUG - [Line: 51] - Entering __originalTimes...
2024-01-11 18:31:10,913 - DEBUG - [Line: 79] - Entering __postDbTimes...
2024-01-11 18:31:10,916 - DEBUG - [Line: 113] - Entering __createDict...
2024-01-11 18:31:10,916 - DEBUG - [Line: 133] - Entering __logOfDict...
2024-01-11 18:31:10,916 - DEBUG - [Line: 148] - Getting calendar date...
2024-01-11 18:31:10,916 - INFO - [Line: 134] - 2024-01-11
2024-01-11 18:31:10,916 - INFO - [Line: 143] - 19:0 - ['19:30', '20:0', '20:30', '21:0']
2024-01-11 18:31:10,916 - INFO - [Line: 143] - 19:30 - ['20:0', '20:30', '21:0', '21:30']
2024-01-11 18:31:10,916 - INFO - [Line: 143] - 20:0 - ['20:30', '21:0', '21:30', '22:0']
2024-01-11 18:31:10,916 - INFO - [Line: 143] - 20:30 - ['21:0', '21:30', '22:0', '22:30']
2024-01-11 18:31:10,916 - INFO - [Line: 143] - 21:0 - ['21:30', '22:0', '22:30', '23:0']
2024-01-11 18:31:10,916 - INFO - [Line: 143] - 21:30 - ['22:0', '22:30', '23:0']
2024-01-11 18:31:10,916 - INFO - [Line: 143] - 22:0 - ['22:30', '23:0']
2024-01-11 18:31:10,916 - INFO - [Line: 143] - 22:30 - ['23:0']
2024-01-11 18:31:10,916 - DEBUG - [Line: 153] - Getting time dictionary...
2024-01-11 18:31:10,917 - DEBUG - [Line: 26] - Entering __setupFunction...
2024-01-11 18:31:10,917 - DEBUG - [Line: 51] - Entering __originalTimes...
2024-01-11 18:31:10,917 - DEBUG - [Line: 79] - Entering __postDbTimes...
2024-01-11 18:31:10,918 - DEBUG - [Line: 113] - Entering __createDict...
2024-01-11 18:31:10,918 - DEBUG - [Line: 133] - Entering __logOfDict...
2024-01-11 18:31:10,918 - DEBUG - [Line: 148] - Getting calendar date...
2024-01-11 18:31:10,918 - INFO - [Line: 134] - 2024-01-11
2024-01-11 18:31:10,918 - INFO - [Line: 143] - 19:0 - ['19:30', '20:0', '20:30', '21:0']
2024-01-11 18:31:10,918 - INFO - [Line: 143] - 19:30 - ['20:0', '20:30', '21:0', '21:30']
2024-01-11 18:31:10,918 - INFO - [Line: 143] - 20:0 - ['20:30', '21:0', '21:30', '22:0']
2024-01-11 18:31:10,918 - INFO - [Line: 143] - 20:30 - ['21:0', '21:30', '22:0', '22:30']
2024-01-11 18:31:10,918 - INFO - [Line: 143] - 21:0 - ['21:30', '22:0', '22:30', '23:0']
2024-01-11 18:31:10,918 - INFO - [Line: 143] - 21:30 - ['22:0', '22:30', '23:0']
2024-01-11 18:31:10,918 - INFO - [Line: 143] - 22:0 - ['22:30', '23:0']
2024-01-11 18:31:10,918 - INFO - [Line: 143] - 22:30 - ['23:0']
2024-01-11 18:31:10,918 - DEBUG - [Line: 148] - Getting calendar date...
2024-01-11 18:31:10,918 - DEBUG - [Line: 153] - Getting time dictionary...
2024-01-11 18:31:10,918 - DEBUG - [Line: 26] - Entering __setupFunction...
2024-01-11 18:31:10,918 - DEBUG - [Line: 51] - Entering __originalTimes...
2024-01-11 18:31:10,918 - DEBUG - [Line: 79] - Entering __postDbTimes...
2024-01-11 18:31:10,919 - DEBUG - [Line: 113] - Entering __createDict...
2024-01-11 18:31:10,919 - DEBUG - [Line: 133] - Entering __logOfDict...
2024-01-11 18:31:10,919 - DEBUG - [Line: 148] - Getting calendar date...
2024-01-11 18:31:10,919 - INFO - [Line: 134] - 2024-01-12
2024-01-11 18:31:10,919 - INFO - [Line: 143] - 6:0 - ['6:30', '7:0', '7:30', '8:0']
2024-01-11 18:31:10,919 - INFO - [Line: 143] - 6:30 - ['7:0', '7:30', '8:0', '8:30']
2024-01-11 18:31:10,919 - INFO - [Line: 143] - 7:0 - ['7:30', '8:0', '8:30', '9:0']
2024-01-11 18:31:10,919 - INFO - [Line: 143] - 7:30 - ['8:0', '8:30', '9:0', '9:30']
2024-01-11 18:31:10,919 - INFO - [Line: 143] - 8:0 - ['8:30', '9:0', '9:30', '10:0']
2024-01-11 18:31:10,919 - INFO - [Line: 143] - 8:30 - ['9:0', '9:30', '10:0', '10:30']
2024-01-11 18:31:10,919 - INFO - [Line: 143] - 9:0 - ['9:30', '10:0', '10:30', '11:0']
2024-01-11 18:31:10,919 - INFO - [Line: 143] - 9:30 - ['10:0', '10:30', '11:0', '11:30']
2024-01-11 18:31:10,919 - INFO - [Line: 143] - 10:0 - ['10:30', '11:0', '11:30', '12:0']
2024-01-11 18:31:10,919 - INFO - [Line: 143] - 10:30 - ['11:0', '11:30', '12:0', '12:30']
2024-01-11 18:31:10,919 - INFO - [Line: 143] - 11:0 - ['11:30', '12:0', '12:30', '13:0']
2024-01-11 18:31:10,919 - INFO - [Line: 143] - 11:30 - ['12:0', '12:30', '13:0', '13:30']
2024-01-11 18:31:10,919 - INFO - [Line: 143] - 12:0 - ['12:30', '13:0', '13:30', '14:0']
2024-01-11 18:31:10,919 - INFO - [Line: 143] - 12:30 - ['13:0', '13:30', '14:0', '14:30']
2024-01-11 18:31:10,919 - INFO - [Line: 143] - 13:0 - ['13:30', '14:0', '14:30', '15:0']
2024-01-11 18:31:10,919 - INFO - [Line: 143] - 13:30 - ['14:0', '14:30', '15:0', '15:30']
2024-01-11 18:31:10,921 - INFO - [Line: 143] - 14:0 - ['14:30', '15:0', '15:30', '16:0']
2024-01-11 18:31:10,921 - INFO - [Line: 143] - 14:30 - ['15:0', '15:30', '16:0', '16:30']
2024-01-11 18:31:10,921 - INFO - [Line: 143] - 15:0 - ['15:30', '16:0', '16:30', '17:0']
2024-01-11 18:31:10,921 - INFO - [Line: 143] - 15:30 - ['16:0', '16:30', '17:0', '17:30']
2024-01-11 18:31:10,921 - INFO - [Line: 143] - 16:0 - ['16:30', '17:0', '17:30', '18:0']
2024-01-11 18:31:10,921 - INFO - [Line: 143] - 16:30 - ['17:0', '17:30', '18:0', '18:30']
2024-01-11 18:31:10,921 - INFO - [Line: 143] - 17:0 - ['17:30', '18:0', '18:30', '19:0']
2024-01-11 18:31:10,921 - INFO - [Line: 143] - 17:30 - ['18:0', '18:30', '19:0', '19:30']
2024-01-11 18:31:10,921 - INFO - [Line: 143] - 18:0 - ['18:30', '19:0', '19:30', '20:0']
2024-01-11 18:31:10,921 - INFO - [Line: 143] - 18:30 - ['19:0', '19:30', '20:0', '20:30']
2024-01-11 18:31:10,921 - INFO - [Line: 143] - 19:0 - ['19:30', '20:0', '20:30', '21:0']
2024-01-11 18:31:10,921 - INFO - [Line: 143] - 19:30 - ['20:0', '20:30', '21:0', '21:30']
2024-01-11 18:31:10,921 - INFO - [Line: 143] - 20:0 - ['20:30', '21:0', '21:30', '22:0']
2024-01-11 18:31:10,921 - INFO - [Line: 143] - 20:30 - ['21:0', '21:30', '22:0', '22:30']
2024-01-11 18:31:10,921 - INFO - [Line: 143] - 21:0 - ['21:30', '22:0', '22:30', '23:0']
2024-01-11 18:31:10,921 - INFO - [Line: 143] - 21:30 - ['22:0', '22:30', '23:0']
2024-01-11 18:31:10,921 - INFO - [Line: 143] - 22:0 - ['22:30', '23:0']
2024-01-11 18:31:10,921 - INFO - [Line: 143] - 22:30 - ['23:0']
2024-01-11 18:31:10,921 - DEBUG - [Line: 148] - Getting calendar date...
2024-01-11 18:31:10,921 - DEBUG - [Line: 153] - Getting time dictionary...
2024-01-11 18:31:10,921 - DEBUG - [Line: 26] - Entering __setupFunction...
2024-01-11 18:31:10,921 - DEBUG - [Line: 51] - Entering __originalTimes...
2024-01-11 18:31:10,921 - DEBUG - [Line: 79] - Entering __postDbTimes...
2024-01-11 18:31:10,922 - DEBUG - [Line: 113] - Entering __createDict...
2024-01-11 18:31:10,922 - DEBUG - [Line: 133] - Entering __logOfDict...
2024-01-11 18:31:10,922 - DEBUG - [Line: 148] - Getting calendar date...
2024-01-11 18:31:10,922 - INFO - [Line: 134] - 2024-01-13
2024-01-11 18:31:10,922 - INFO - [Line: 143] - 6:0 - ['6:30', '7:0', '7:30', '8:0']
2024-01-11 18:31:10,922 - INFO - [Line: 143] - 6:30 - ['7:0', '7:30', '8:0', '8:30']
2024-01-11 18:31:10,922 - INFO - [Line: 143] - 7:0 - ['7:30', '8:0', '8:30', '9:0']
2024-01-11 18:31:10,922 - INFO - [Line: 143] - 7:30 - ['8:0', '8:30', '9:0', '9:30']
2024-01-11 18:31:10,922 - INFO - [Line: 143] - 8:0 - ['8:30', '9:0', '9:30', '10:0']
2024-01-11 18:31:10,922 - INFO - [Line: 143] - 8:30 - ['9:0', '9:30', '10:0', '10:30']
2024-01-11 18:31:10,922 - INFO - [Line: 143] - 9:0 - ['9:30', '10:0', '10:30', '11:0']
2024-01-11 18:31:10,922 - INFO - [Line: 143] - 9:30 - ['10:0', '10:30', '11:0', '11:30']
2024-01-11 18:31:10,923 - INFO - [Line: 143] - 10:0 - ['10:30', '11:0', '11:30', '12:0']
2024-01-11 18:31:10,923 - INFO - [Line: 143] - 10:30 - ['11:0', '11:30', '12:0', '12:30']
2024-01-11 18:31:10,923 - INFO - [Line: 143] - 11:0 - ['11:30', '12:0', '12:30', '13:0']
2024-01-11 18:31:10,923 - INFO - [Line: 143] - 11:30 - ['12:0', '12:30', '13:0', '13:30']
2024-01-11 18:31:10,923 - INFO - [Line: 143] - 12:0 - ['12:30', '13:0', '13:30', '14:0']
2024-01-11 18:31:10,923 - INFO - [Line: 143] - 12:30 - ['13:0', '13:30', '14:0', '14:30']
2024-01-11 18:31:10,923 - INFO - [Line: 143] - 13:0 - ['13:30', '14:0', '14:30', '15:0']
2024-01-11 18:31:10,923 - INFO - [Line: 143] - 13:30 - ['14:0', '14:30', '15:0', '15:30']
2024-01-11 18:31:10,923 - INFO - [Line: 143] - 14:0 - ['14:30', '15:0', '15:30', '16:0']
2024-01-11 18:31:10,923 - INFO - [Line: 143] - 14:30 - ['15:0', '15:30', '16:0', '16:30']
2024-01-11 18:31:10,923 - INFO - [Line: 143] - 15:0 - ['15:30', '16:0', '16:30', '17:0']
2024-01-11 18:31:10,923 - INFO - [Line: 143] - 15:30 - ['16:0', '16:30', '17:0', '17:30']
2024-01-11 18:31:10,923 - INFO - [Line: 143] - 16:0 - ['16:30', '17:0', '17:30', '18:0']
2024-01-11 18:31:10,923 - INFO - [Line: 143] - 16:30 - ['17:0', '17:30', '18:0', '18:30']
2024-01-11 18:31:10,923 - INFO - [Line: 143] - 17:0 - ['17:30', '18:0', '18:30', '19:0']
2024-01-11 18:31:10,923 - INFO - [Line: 143] - 17:30 - ['18:0', '18:30', '19:0', '19:30']
2024-01-11 18:31:10,923 - INFO - [Line: 143] - 18:0 - ['18:30', '19:0', '19:30', '20:0']
2024-01-11 18:31:10,923 - INFO - [Line: 143] - 18:30 - ['19:0', '19:30', '20:0', '20:30']
2024-01-11 18:31:10,923 - INFO - [Line: 143] - 19:0 - ['19:30', '20:0', '20:30', '21:0']
2024-01-11 18:31:10,923 - INFO - [Line: 143] - 19:30 - ['20:0', '20:30', '21:0', '21:30']
2024-01-11 18:31:10,923 - INFO - [Line: 143] - 20:0 - ['20:30', '21:0', '21:30', '22:0']
2024-01-11 18:31:10,923 - INFO - [Line: 143] - 20:30 - ['21:0', '21:30', '22:0', '22:30']
2024-01-11 18:31:10,923 - INFO - [Line: 143] - 21:0 - ['21:30', '22:0', '22:30', '23:0']
2024-01-11 18:31:10,923 - INFO - [Line: 143] - 21:30 - ['22:0', '22:30', '23:0']
2024-01-11 18:31:10,923 - INFO - [Line: 143] - 22:0 - ['22:30', '23:0']
2024-01-11 18:31:10,923 - INFO - [Line: 143] - 22:30 - ['23:0']
2024-01-11 18:31:10,923 - DEBUG - [Line: 148] - Getting calendar date...
2024-01-11 18:31:10,924 - DEBUG - [Line: 153] - Getting time dictionary...
2024-01-11 18:31:10,924 - DEBUG - [Line: 26] - Entering __setupFunction...
2024-01-11 18:31:10,924 - DEBUG - [Line: 51] - Entering __originalTimes...
2024-01-11 18:31:10,924 - DEBUG - [Line: 79] - Entering __postDbTimes...
2024-01-11 18:31:10,924 - DEBUG - [Line: 113] - Entering __createDict...
2024-01-11 18:31:10,924 - DEBUG - [Line: 133] - Entering __logOfDict...
2024-01-11 18:31:10,924 - DEBUG - [Line: 148] - Getting calendar date...
2024-01-11 18:31:10,925 - INFO - [Line: 134] - 2024-01-14
2024-01-11 18:31:10,925 - INFO - [Line: 143] - 6:0 - ['6:30', '7:0', '7:30', '8:0']
2024-01-11 18:31:10,925 - INFO - [Line: 143] - 6:30 - ['7:0', '7:30', '8:0', '8:30']
2024-01-11 18:31:10,925 - INFO - [Line: 143] - 7:0 - ['7:30', '8:0', '8:30', '9:0']
2024-01-11 18:31:10,925 - INFO - [Line: 143] - 7:30 - ['8:0', '8:30', '9:0', '9:30']
2024-01-11 18:31:10,925 - INFO - [Line: 143] - 8:0 - ['8:30', '9:0', '9:30', '10:0']
2024-01-11 18:31:10,925 - INFO - [Line: 143] - 8:30 - ['9:0', '9:30', '10:0', '10:30']
2024-01-11 18:31:10,925 - INFO - [Line: 143] - 9:0 - ['9:30', '10:0', '10:30', '11:0']
2024-01-11 18:31:10,925 - INFO - [Line: 143] - 9:30 - ['10:0', '10:30', '11:0', '11:30']
2024-01-11 18:31:10,925 - INFO - [Line: 143] - 10:0 - ['10:30', '11:0', '11:30', '12:0']
2024-01-11 18:31:10,925 - INFO - [Line: 143] - 10:30 - ['11:0', '11:30', '12:0', '12:30']
2024-01-11 18:31:10,925 - INFO - [Line: 143] - 11:0 - ['11:30', '12:0', '12:30', '13:0']
2024-01-11 18:31:10,925 - INFO - [Line: 143] - 11:30 - ['12:0', '12:30', '13:0', '13:30']
2024-01-11 18:31:10,925 - INFO - [Line: 143] - 12:0 - ['12:30', '13:0', '13:30', '14:0']
2024-01-11 18:31:10,925 - INFO - [Line: 143] - 12:30 - ['13:0', '13:30', '14:0', '14:30']
2024-01-11 18:31:10,925 - INFO - [Line: 143] - 13:0 - ['13:30', '14:0', '14:30', '15:0']
2024-01-11 18:31:10,925 - INFO - [Line: 143] - 13:30 - ['14:0', '14:30', '15:0', '15:30']
2024-01-11 18:31:10,925 - INFO - [Line: 143] - 14:0 - ['14:30', '15:0', '15:30', '16:0']
2024-01-11 18:31:10,925 - INFO - [Line: 143] - 14:30 - ['15:0', '15:30', '16:0', '16:30']
2024-01-11 18:31:10,925 - INFO - [Line: 143] - 15:0 - ['15:30', '16:0', '16:30', '17:0']
2024-01-11 18:31:10,925 - INFO - [Line: 143] - 15:30 - ['16:0', '16:30', '17:0', '17:30']
2024-01-11 18:31:10,925 - INFO - [Line: 143] - 16:0 - ['16:30', '17:0', '17:30', '18:0']
2024-01-11 18:31:10,925 - INFO - [Line: 143] - 16:30 - ['17:0', '17:30', '18:0', '18:30']
2024-01-11 18:31:10,925 - INFO - [Line: 143] - 17:0 - ['17:30', '18:0', '18:30', '19:0']
2024-01-11 18:31:10,926 - INFO - [Line: 143] - 17:30 - ['18:0', '18:30', '19:0', '19:30']
2024-01-11 18:31:10,926 - INFO - [Line: 143] - 18:0 - ['18:30', '19:0', '19:30', '20:0']
2024-01-11 18:31:10,926 - INFO - [Line: 143] - 18:30 - ['19:0', '19:30', '20:0', '20:30']
2024-01-11 18:31:10,926 - INFO - [Line: 143] - 19:0 - ['19:30', '20:0', '20:30', '21:0']
2024-01-11 18:31:10,926 - INFO - [Line: 143] - 19:30 - ['20:0', '20:30', '21:0', '21:30']
2024-01-11 18:31:10,926 - INFO - [Line: 143] - 20:0 - ['20:30', '21:0', '21:30', '22:0']
2024-01-11 18:31:10,926 - INFO - [Line: 143] - 20:30 - ['21:0', '21:30', '22:0', '22:30']
2024-01-11 18:31:10,926 - INFO - [Line: 143] - 21:0 - ['21:30', '22:0', '22:30', '23:0']
2024-01-11 18:31:10,926 - INFO - [Line: 143] - 21:30 - ['22:0', '22:30', '23:0']
2024-01-11 18:31:10,926 - INFO - [Line: 143] - 22:0 - ['22:30', '23:0']
2024-01-11 18:31:10,926 - INFO - [Line: 143] - 22:30 - ['23:0']
2024-01-11 18:31:10,926 - DEBUG - [Line: 148] - Getting calendar date...
2024-01-11 18:31:10,926 - DEBUG - [Line: 153] - Getting time dictionary...
2024-01-11 18:31:10,926 - DEBUG - [Line: 26] - Entering __setupFunction...
2024-01-11 18:31:10,926 - DEBUG - [Line: 51] - Entering __originalTimes...
2024-01-11 18:31:10,926 - DEBUG - [Line: 79] - Entering __postDbTimes...
2024-01-11 18:31:10,927 - DEBUG - [Line: 113] - Entering __createDict...
2024-01-11 18:31:10,927 - DEBUG - [Line: 133] - Entering __logOfDict...
2024-01-11 18:31:10,927 - DEBUG - [Line: 148] - Getting calendar date...
2024-01-11 18:31:10,927 - INFO - [Line: 134] - 2024-01-15
2024-01-11 18:31:10,927 - INFO - [Line: 143] - 6:0 - ['6:30', '7:0', '7:30', '8:0']
2024-01-11 18:31:10,927 - INFO - [Line: 143] - 6:30 - ['7:0', '7:30', '8:0', '8:30']
2024-01-11 18:31:10,927 - INFO - [Line: 143] - 7:0 - ['7:30', '8:0', '8:30', '9:0']
2024-01-11 18:31:10,927 - INFO - [Line: 143] - 7:30 - ['8:0', '8:30', '9:0', '9:30']
2024-01-11 18:31:10,927 - INFO - [Line: 143] - 8:0 - ['8:30', '9:0', '9:30', '10:0']
2024-01-11 18:31:10,927 - INFO - [Line: 143] - 8:30 - ['9:0', '9:30', '10:0', '10:30']
2024-01-11 18:31:10,927 - INFO - [Line: 143] - 9:0 - ['9:30', '10:0', '10:30', '11:0']
2024-01-11 18:31:10,927 - INFO - [Line: 143] - 9:30 - ['10:0', '10:30', '11:0', '11:30']
2024-01-11 18:31:10,927 - INFO - [Line: 143] - 10:0 - ['10:30', '11:0', '11:30', '12:0']
2024-01-11 18:31:10,927 - INFO - [Line: 143] - 10:30 - ['11:0', '11:30', '12:0', '12:30']
2024-01-11 18:31:10,927 - INFO - [Line: 143] - 11:0 - ['11:30', '12:0', '12:30', '13:0']
2024-01-11 18:31:10,927 - INFO - [Line: 143] - 11:30 - ['12:0', '12:30', '13:0', '13:30']
2024-01-11 18:31:10,927 - INFO - [Line: 143] - 12:0 - ['12:30', '13:0', '13:30', '14:0']
2024-01-11 18:31:10,927 - INFO - [Line: 143] - 12:30 - ['13:0', '13:30', '14:0', '14:30']
2024-01-11 18:31:10,927 - INFO - [Line: 143] - 13:0 - ['13:30', '14:0', '14:30', '15:0']
2024-01-11 18:31:10,927 - INFO - [Line: 143] - 13:30 - ['14:0', '14:30', '15:0', '15:30']
2024-01-11 18:31:10,927 - INFO - [Line: 143] - 14:0 - ['14:30', '15:0', '15:30', '16:0']
2024-01-11 18:31:10,927 - INFO - [Line: 143] - 14:30 - ['15:0', '15:30', '16:0', '16:30']
2024-01-11 18:31:10,928 - INFO - [Line: 143] - 15:0 - ['15:30', '16:0', '16:30', '17:0']
2024-01-11 18:31:10,928 - INFO - [Line: 143] - 15:30 - ['16:0', '16:30', '17:0', '17:30']
2024-01-11 18:31:10,928 - INFO - [Line: 143] - 16:0 - ['16:30', '17:0', '17:30', '18:0']
2024-01-11 18:31:10,928 - INFO - [Line: 143] - 16:30 - ['17:0', '17:30', '18:0', '18:30']
2024-01-11 18:31:10,928 - INFO - [Line: 143] - 17:0 - ['17:30', '18:0', '18:30', '19:0']
2024-01-11 18:31:10,928 - INFO - [Line: 143] - 17:30 - ['18:0', '18:30', '19:0', '19:30']
2024-01-11 18:31:10,928 - INFO - [Line: 143] - 18:0 - ['18:30', '19:0', '19:30', '20:0']
2024-01-11 18:31:10,928 - INFO - [Line: 143] - 18:30 - ['19:0', '19:30', '20:0', '20:30']
2024-01-11 18:31:10,928 - INFO - [Line: 143] - 19:0 - ['19:30', '20:0', '20:30', '21:0']
2024-01-11 18:31:10,928 - INFO - [Line: 143] - 19:30 - ['20:0', '20:30', '21:0', '21:30']
2024-01-11 18:31:10,928 - INFO - [Line: 143] - 20:0 - ['20:30', '21:0', '21:30', '22:0']
2024-01-11 18:31:10,928 - INFO - [Line: 143] - 20:30 - ['21:0', '21:30', '22:0', '22:30']
2024-01-11 18:31:10,928 - INFO - [Line: 143] - 21:0 - ['21:30', '22:0', '22:30', '23:0']
2024-01-11 18:31:10,928 - INFO - [Line: 143] - 21:30 - ['22:0', '22:30', '23:0']
2024-01-11 18:31:10,928 - INFO - [Line: 143] - 22:0 - ['22:30', '23:0']
2024-01-11 18:31:10,928 - INFO - [Line: 143] - 22:30 - ['23:0']
2024-01-11 18:31:10,928 - DEBUG - [Line: 148] - Getting calendar date...
2024-01-11 18:31:10,928 - DEBUG - [Line: 153] - Getting time dictionary...
2024-01-11 18:31:10,928 - DEBUG - [Line: 26] - Entering __setupFunction...
2024-01-11 18:31:10,928 - DEBUG - [Line: 51] - Entering __originalTimes...
2024-01-11 18:31:10,928 - DEBUG - [Line: 79] - Entering __postDbTimes...
2024-01-11 18:31:10,929 - DEBUG - [Line: 113] - Entering __createDict...
2024-01-11 18:31:10,929 - DEBUG - [Line: 133] - Entering __logOfDict...
2024-01-11 18:31:10,929 - DEBUG - [Line: 148] - Getting calendar date...
2024-01-11 18:31:10,929 - INFO - [Line: 134] - 2024-01-16
2024-01-11 18:31:10,929 - INFO - [Line: 143] - 6:0 - ['6:30', '7:0', '7:30', '8:0']
2024-01-11 18:31:10,929 - INFO - [Line: 143] - 6:30 - ['7:0', '7:30', '8:0', '8:30']
2024-01-11 18:31:10,930 - INFO - [Line: 143] - 7:0 - ['7:30', '8:0', '8:30', '9:0']
2024-01-11 18:31:10,930 - INFO - [Line: 143] - 7:30 - ['8:0', '8:30', '9:0', '9:30']
2024-01-11 18:31:10,930 - INFO - [Line: 143] - 8:0 - ['8:30', '9:0', '9:30', '10:0']
2024-01-11 18:31:10,930 - INFO - [Line: 143] - 8:30 - ['9:0', '9:30', '10:0', '10:30']
2024-01-11 18:31:10,930 - INFO - [Line: 143] - 9:0 - ['9:30', '10:0', '10:30', '11:0']
2024-01-11 18:31:10,930 - INFO - [Line: 143] - 9:30 - ['10:0', '10:30', '11:0', '11:30']
2024-01-11 18:31:10,930 - INFO - [Line: 143] - 10:0 - ['10:30', '11:0', '11:30', '12:0']
2024-01-11 18:31:10,930 - INFO - [Line: 143] - 10:30 - ['11:0', '11:30', '12:0', '12:30']
2024-01-11 18:31:10,930 - INFO - [Line: 143] - 11:0 - ['11:30', '12:0', '12:30', '13:0']
2024-01-11 18:31:10,930 - INFO - [Line: 143] - 11:30 - ['12:0', '12:30', '13:0', '13:30']
2024-01-11 18:31:10,930 - INFO - [Line: 143] - 12:0 - ['12:30', '13:0', '13:30', '14:0']
2024-01-11 18:31:10,930 - INFO - [Line: 143] - 12:30 - ['13:0', '13:30', '14:0', '14:30']
2024-01-11 18:31:10,930 - INFO - [Line: 143] - 13:0 - ['13:30', '14:0', '14:30', '15:0']
2024-01-11 18:31:10,930 - INFO - [Line: 143] - 13:30 - ['14:0', '14:30', '15:0', '15:30']
2024-01-11 18:31:10,930 - INFO - [Line: 143] - 14:0 - ['14:30', '15:0', '15:30', '16:0']
2024-01-11 18:31:10,930 - INFO - [Line: 143] - 14:30 - ['15:0', '15:30', '16:0', '16:30']
2024-01-11 18:31:10,930 - INFO - [Line: 143] - 15:0 - ['15:30', '16:0', '16:30', '17:0']
2024-01-11 18:31:10,930 - INFO - [Line: 143] - 15:30 - ['16:0', '16:30', '17:0', '17:30']
2024-01-11 18:31:10,930 - INFO - [Line: 143] - 16:0 - ['16:30', '17:0', '17:30', '18:0']
2024-01-11 18:31:10,930 - INFO - [Line: 143] - 16:30 - ['17:0', '17:30', '18:0', '18:30']
2024-01-11 18:31:10,930 - INFO - [Line: 143] - 17:0 - ['17:30', '18:0', '18:30', '19:0']
2024-01-11 18:31:10,930 - INFO - [Line: 143] - 17:30 - ['18:0', '18:30', '19:0', '19:30']
2024-01-11 18:31:10,930 - INFO - [Line: 143] - 18:0 - ['18:30', '19:0', '19:30', '20:0']
2024-01-11 18:31:10,930 - INFO - [Line: 143] - 18:30 - ['19:0', '19:30', '20:0', '20:30']
2024-01-11 18:31:10,930 - INFO - [Line: 143] - 19:0 - ['19:30', '20:0', '20:30', '21:0']
2024-01-11 18:31:10,930 - INFO - [Line: 143] - 19:30 - ['20:0', '20:30', '21:0', '21:30']
2024-01-11 18:31:10,930 - INFO - [Line: 143] - 20:0 - ['20:30', '21:0', '21:30', '22:0']
2024-01-11 18:31:10,930 - INFO - [Line: 143] - 20:30 - ['21:0', '21:30', '22:0', '22:30']
2024-01-11 18:31:10,931 - INFO - [Line: 143] - 21:0 - ['21:30', '22:0', '22:30', '23:0']
2024-01-11 18:31:10,931 - INFO - [Line: 143] - 21:30 - ['22:0', '22:30', '23:0']
2024-01-11 18:31:10,931 - INFO - [Line: 143] - 22:0 - ['22:30', '23:0']
2024-01-11 18:31:10,931 - INFO - [Line: 143] - 22:30 - ['23:0']
2024-01-11 18:31:10,931 - DEBUG - [Line: 148] - Getting calendar date...
2024-01-11 18:31:10,931 - DEBUG - [Line: 153] - Getting time dictionary...
2024-01-11 18:31:10,931 - DEBUG - [Line: 26] - Entering __setupFunction...
2024-01-11 18:31:10,931 - DEBUG - [Line: 51] - Entering __originalTimes...
2024-01-11 18:31:10,931 - DEBUG - [Line: 79] - Entering __postDbTimes...
2024-01-11 18:31:10,932 - DEBUG - [Line: 113] - Entering __createDict...
2024-01-11 18:31:10,932 - DEBUG - [Line: 133] - Entering __logOfDict...
2024-01-11 18:31:10,932 - DEBUG - [Line: 148] - Getting calendar date...
2024-01-11 18:31:10,932 - INFO - [Line: 134] - 2024-01-17
2024-01-11 18:31:10,932 - INFO - [Line: 143] - 6:0 - ['6:30', '7:0', '7:30', '8:0']
2024-01-11 18:31:10,932 - INFO - [Line: 143] - 6:30 - ['7:0', '7:30', '8:0', '8:30']
2024-01-11 18:31:10,932 - INFO - [Line: 143] - 7:0 - ['7:30', '8:0', '8:30', '9:0']
2024-01-11 18:31:10,932 - INFO - [Line: 143] - 7:30 - ['8:0', '8:30', '9:0', '9:30']
2024-01-11 18:31:10,932 - INFO - [Line: 143] - 8:0 - ['8:30', '9:0', '9:30', '10:0']
2024-01-11 18:31:10,932 - INFO - [Line: 143] - 8:30 - ['9:0', '9:30', '10:0', '10:30']
2024-01-11 18:31:10,932 - INFO - [Line: 143] - 9:0 - ['9:30', '10:0', '10:30', '11:0']
2024-01-11 18:31:10,932 - INFO - [Line: 143] - 9:30 - ['10:0', '10:30', '11:0', '11:30']
2024-01-11 18:31:10,932 - INFO - [Line: 143] - 10:0 - ['10:30', '11:0', '11:30', '12:0']
2024-01-11 18:31:10,932 - INFO - [Line: 143] - 10:30 - ['11:0', '11:30', '12:0', '12:30']
2024-01-11 18:31:10,932 - INFO - [Line: 143] - 11:0 - ['11:30', '12:0', '12:30', '13:0']
2024-01-11 18:31:10,932 - INFO - [Line: 143] - 11:30 - ['12:0', '12:30', '13:0', '13:30']
2024-01-11 18:31:10,932 - INFO - [Line: 143] - 12:0 - ['12:30', '13:0', '13:30', '14:0']
2024-01-11 18:31:10,932 - INFO - [Line: 143] - 12:30 - ['13:0', '13:30', '14:0', '14:30']
2024-01-11 18:31:10,932 - INFO - [Line: 143] - 13:0 - ['13:30', '14:0', '14:30', '15:0']
2024-01-11 18:31:10,932 - INFO - [Line: 143] - 13:30 - ['14:0', '14:30', '15:0', '15:30']
2024-01-11 18:31:10,933 - INFO - [Line: 143] - 14:0 - ['14:30', '15:0', '15:30', '16:0']
2024-01-11 18:31:10,933 - INFO - [Line: 143] - 14:30 - ['15:0', '15:30', '16:0', '16:30']
2024-01-11 18:31:10,933 - INFO - [Line: 143] - 15:0 - ['15:30', '16:0', '16:30', '17:0']
2024-01-11 18:31:10,933 - INFO - [Line: 143] - 15:30 - ['16:0', '16:30', '17:0', '17:30']
2024-01-11 18:31:10,933 - INFO - [Line: 143] - 16:0 - ['16:30', '17:0', '17:30', '18:0']
2024-01-11 18:31:10,933 - INFO - [Line: 143] - 16:30 - ['17:0', '17:30', '18:0', '18:30']
2024-01-11 18:31:10,933 - INFO - [Line: 143] - 17:0 - ['17:30', '18:0', '18:30', '19:0']
2024-01-11 18:31:10,933 - INFO - [Line: 143] - 17:30 - ['18:0', '18:30', '19:0', '19:30']
2024-01-11 18:31:10,933 - INFO - [Line: 143] - 18:0 - ['18:30', '19:0', '19:30', '20:0']
2024-01-11 18:31:10,933 - INFO - [Line: 143] - 18:30 - ['19:0', '19:30', '20:0', '20:30']
2024-01-11 18:31:10,933 - INFO - [Line: 143] - 19:0 - ['19:30', '20:0', '20:30', '21:0']
2024-01-11 18:31:10,933 - INFO - [Line: 143] - 19:30 - ['20:0', '20:30', '21:0', '21:30']
2024-01-11 18:31:10,933 - INFO - [Line: 143] - 20:0 - ['20:30', '21:0', '21:30', '22:0']
2024-01-11 18:31:10,933 - INFO - [Line: 143] - 20:30 - ['21:0', '21:30', '22:0', '22:30']
2024-01-11 18:31:10,933 - INFO - [Line: 143] - 21:0 - ['21:30', '22:0', '22:30', '23:0']
2024-01-11 18:31:10,933 - INFO - [Line: 143] - 21:30 - ['22:0', '22:30', '23:0']
2024-01-11 18:31:10,933 - INFO - [Line: 143] - 22:0 - ['22:30', '23:0']
2024-01-11 18:31:10,933 - INFO - [Line: 143] - 22:30 - ['23:0']
2024-01-11 18:31:10,933 - DEBUG - [Line: 148] - Getting calendar date...
2024-01-11 18:31:10,933 - DEBUG - [Line: 153] - Getting time dictionary...
2024-01-11 18:32:04,260 - DEBUG - [Line: 26] - Entering __setupFunction...
2024-01-11 18:32:04,260 - DEBUG - [Line: 51] - Entering __originalTimes...
2024-01-11 18:32:04,260 - DEBUG - [Line: 79] - Entering __postDbTimes...
2024-01-11 18:32:04,263 - DEBUG - [Line: 113] - Entering __createDict...
2024-01-11 18:32:04,263 - DEBUG - [Line: 133] - Entering __logOfDict...
2024-01-11 18:32:04,263 - DEBUG - [Line: 148] - Getting calendar date...
2024-01-11 18:32:04,263 - INFO - [Line: 134] - 2024-01-11
2024-01-11 18:32:04,263 - INFO - [Line: 143] - 19:0 - ['19:30', '20:0', '20:30', '21:0']
2024-01-11 18:32:04,263 - INFO - [Line: 143] - 19:30 - ['20:0', '20:30', '21:0', '21:30']
2024-01-11 18:32:04,263 - INFO - [Line: 143] - 20:0 - ['20:30', '21:0', '21:30', '22:0']
2024-01-11 18:32:04,263 - INFO - [Line: 143] - 20:30 - ['21:0', '21:30', '22:0', '22:30']
2024-01-11 18:32:04,263 - INFO - [Line: 143] - 21:0 - ['21:30', '22:0', '22:30', '23:0']
2024-01-11 18:32:04,264 - INFO - [Line: 143] - 21:30 - ['22:0', '22:30', '23:0']
2024-01-11 18:32:04,264 - INFO - [Line: 143] - 22:0 - ['22:30', '23:0']
2024-01-11 18:32:04,264 - INFO - [Line: 143] - 22:30 - ['23:0']
2024-01-11 18:32:04,264 - DEBUG - [Line: 148] - Getting calendar date...
2024-01-11 18:32:04,264 - DEBUG - [Line: 153] - Getting time dictionary...
2024-01-11 18:32:04,264 - DEBUG - [Line: 26] - Entering __setupFunction...
2024-01-11 18:32:04,264 - DEBUG - [Line: 51] - Entering __originalTimes...
2024-01-11 18:32:04,264 - DEBUG - [Line: 79] - Entering __postDbTimes...
2024-01-11 18:32:04,265 - DEBUG - [Line: 113] - Entering __createDict...
2024-01-11 18:32:04,265 - DEBUG - [Line: 133] - Entering __logOfDict...
2024-01-11 18:32:04,265 - DEBUG - [Line: 148] - Getting calendar date...
2024-01-11 18:32:04,265 - INFO - [Line: 134] - 2024-01-12
2024-01-11 18:32:04,265 - INFO - [Line: 143] - 6:0 - ['6:30', '7:0', '7:30', '8:0']
2024-01-11 18:32:04,265 - INFO - [Line: 143] - 6:30 - ['7:0', '7:30', '8:0', '8:30']
2024-01-11 18:32:04,265 - INFO - [Line: 143] - 7:0 - ['7:30', '8:0', '8:30', '9:0']
2024-01-11 18:32:04,265 - INFO - [Line: 143] - 7:30 - ['8:0', '8:30', '9:0', '9:30']
2024-01-11 18:32:04,265 - INFO - [Line: 143] - 8:0 - ['8:30', '9:0', '9:30', '10:0']
2024-01-11 18:32:04,265 - INFO - [Line: 143] - 8:30 - ['9:0', '9:30', '10:0', '10:30']
2024-01-11 18:32:04,265 - INFO - [Line: 143] - 9:0 - ['9:30', '10:0', '10:30', '11:0']
2024-01-11 18:32:04,265 - INFO - [Line: 143] - 9:30 - ['10:0', '10:30', '11:0', '11:30']
2024-01-11 18:32:04,265 - INFO - [Line: 143] - 10:0 - ['10:30', '11:0', '11:30', '12:0']
2024-01-11 18:32:04,265 - INFO - [Line: 143] - 10:30 - ['11:0', '11:30', '12:0', '12:30']
2024-01-11 18:32:04,266 - INFO - [Line: 143] - 11:0 - ['11:30', '12:0', '12:30', '13:0']
2024-01-11 18:32:04,266 - INFO - [Line: 143] - 11:30 - ['12:0', '12:30', '13:0', '13:30']
2024-01-11 18:32:04,266 - INFO - [Line: 143] - 12:0 - ['12:30', '13:0', '13:30', '14:0']
2024-01-11 18:32:04,266 - INFO - [Line: 143] - 12:30 - ['13:0', '13:30', '14:0', '14:30']
2024-01-11 18:32:04,266 - INFO - [Line: 143] - 13:0 - ['13:30', '14:0', '14:30', '15:0']
2024-01-11 18:32:04,266 - INFO - [Line: 143] - 13:30 - ['14:0', '14:30', '15:0', '15:30']
2024-01-11 18:32:04,266 - INFO - [Line: 143] - 14:0 - ['14:30', '15:0', '15:30', '16:0']
2024-01-11 18:32:04,266 - INFO - [Line: 143] - 14:30 - ['15:0', '15:30', '16:0', '16:30']
2024-01-11 18:32:04,266 - INFO - [Line: 143] - 15:0 - ['15:30', '16:0', '16:30', '17:0']
2024-01-11 18:32:04,266 - INFO - [Line: 143] - 15:30 - ['16:0', '16:30', '17:0', '17:30']
2024-01-11 18:32:04,266 - INFO - [Line: 143] - 16:0 - ['16:30', '17:0', '17:30', '18:0']
2024-01-11 18:32:04,266 - INFO - [Line: 143] - 16:30 - ['17:0', '17:30', '18:0', '18:30']
2024-01-11 18:32:04,266 - INFO - [Line: 143] - 17:0 - ['17:30', '18:0', '18:30', '19:0']
2024-01-11 18:32:04,266 - INFO - [Line: 143] - 17:30 - ['18:0', '18:30', '19:0', '19:30']
2024-01-11 18:32:04,266 - INFO - [Line: 143] - 18:0 - ['18:30', '19:0', '19:30', '20:0']
2024-01-11 18:32:04,266 - INFO - [Line: 143] - 18:30 - ['19:0', '19:30', '20:0', '20:30']
2024-01-11 18:32:04,266 - INFO - [Line: 143] - 19:0 - ['19:30', '20:0', '20:30', '21:0']
2024-01-11 18:32:04,266 - INFO - [Line: 143] - 19:30 - ['20:0', '20:30', '21:0', '21:30']
2024-01-11 18:32:04,266 - INFO - [Line: 143] - 20:0 - ['20:30', '21:0', '21:30', '22:0']
2024-01-11 18:32:04,266 - INFO - [Line: 143] - 20:30 - ['21:0', '21:30', '22:0', '22:30']
2024-01-11 18:32:04,266 - INFO - [Line: 143] - 21:0 - ['21:30', '22:0', '22:30', '23:0']
2024-01-11 18:32:04,266 - INFO - [Line: 143] - 21:30 - ['22:0', '22:30', '23:0']
2024-01-11 18:32:04,266 - INFO - [Line: 143] - 22:0 - ['22:30', '23:0']
2024-01-11 18:32:04,266 - INFO - [Line: 143] - 22:30 - ['23:0']
2024-01-11 18:32:04,266 - DEBUG - [Line: 148] - Getting calendar date...
2024-01-11 18:32:04,267 - DEBUG - [Line: 153] - Getting time dictionary...
2024-01-11 18:32:04,267 - DEBUG - [Line: 26] - Entering __setupFunction...
2024-01-11 18:32:04,267 - DEBUG - [Line: 51] - Entering __originalTimes...
2024-01-11 18:32:04,267 - DEBUG - [Line: 79] - Entering __postDbTimes...
2024-01-11 18:32:04,267 - DEBUG - [Line: 113] - Entering __createDict...
2024-01-11 18:32:04,268 - DEBUG - [Line: 133] - Entering __logOfDict...
2024-01-11 18:32:04,268 - DEBUG - [Line: 148] - Getting calendar date...
2024-01-11 18:32:04,268 - INFO - [Line: 134] - 2024-01-13
2024-01-11 18:32:04,268 - INFO - [Line: 143] - 6:0 - ['6:30', '7:0', '7:30', '8:0']
2024-01-11 18:32:04,268 - INFO - [Line: 143] - 6:30 - ['7:0', '7:30', '8:0', '8:30']
2024-01-11 18:32:04,268 - INFO - [Line: 143] - 7:0 - ['7:30', '8:0', '8:30', '9:0']
2024-01-11 18:32:04,268 - INFO - [Line: 143] - 7:30 - ['8:0', '8:30', '9:0', '9:30']
2024-01-11 18:32:04,268 - INFO - [Line: 143] - 8:0 - ['8:30', '9:0', '9:30', '10:0']
2024-01-11 18:32:04,268 - INFO - [Line: 143] - 8:30 - ['9:0', '9:30', '10:0', '10:30']
2024-01-11 18:32:04,268 - INFO - [Line: 143] - 9:0 - ['9:30', '10:0', '10:30', '11:0']
2024-01-11 18:32:04,268 - INFO - [Line: 143] - 9:30 - ['10:0', '10:30', '11:0', '11:30']
2024-01-11 18:32:04,268 - INFO - [Line: 143] - 10:0 - ['10:30', '11:0', '11:30', '12:0']
2024-01-11 18:32:04,268 - INFO - [Line: 143] - 10:30 - ['11:0', '11:30', '12:0', '12:30']
2024-01-11 18:32:04,268 - INFO - [Line: 143] - 11:0 - ['11:30', '12:0', '12:30', '13:0']
2024-01-11 18:32:04,268 - INFO - [Line: 143] - 11:30 - ['12:0', '12:30', '13:0', '13:30']
2024-01-11 18:32:04,268 - INFO - [Line: 143] - 12:0 - ['12:30', '13:0', '13:30', '14:0']
2024-01-11 18:32:04,268 - INFO - [Line: 143] - 12:30 - ['13:0', '13:30', '14:0', '14:30']
2024-01-11 18:32:04,268 - INFO - [Line: 143] - 13:0 - ['13:30', '14:0', '14:30', '15:0']
2024-01-11 18:32:04,268 - INFO - [Line: 143] - 13:30 - ['14:0', '14:30', '15:0', '15:30']
2024-01-11 18:32:04,268 - INFO - [Line: 143] - 14:0 - ['14:30', '15:0', '15:30', '16:0']
2024-01-11 18:32:04,268 - INFO - [Line: 143] - 14:30 - ['15:0', '15:30', '16:0', '16:30']
2024-01-11 18:32:04,268 - INFO - [Line: 143] - 15:0 - ['15:30', '16:0', '16:30', '17:0']
2024-01-11 18:32:04,269 - INFO - [Line: 143] - 15:30 - ['16:0', '16:30', '17:0', '17:30']
2024-01-11 18:32:04,269 - INFO - [Line: 143] - 16:0 - ['16:30', '17:0', '17:30', '18:0']
2024-01-11 18:32:04,269 - INFO - [Line: 143] - 16:30 - ['17:0', '17:30', '18:0', '18:30']
2024-01-11 18:32:04,269 - INFO - [Line: 143] - 17:0 - ['17:30', '18:0', '18:30', '19:0']
2024-01-11 18:32:04,269 - INFO - [Line: 143] - 17:30 - ['18:0', '18:30', '19:0', '19:30']
2024-01-11 18:32:04,269 - INFO - [Line: 143] - 18:0 - ['18:30', '19:0', '19:30', '20:0']
2024-01-11 18:32:04,269 - INFO - [Line: 143] - 18:30 - ['19:0', '19:30', '20:0', '20:30']
2024-01-11 18:32:04,269 - INFO - [Line: 143] - 19:0 - ['19:30', '20:0', '20:30', '21:0']
2024-01-11 18:32:04,269 - INFO - [Line: 143] - 19:30 - ['20:0', '20:30', '21:0', '21:30']
2024-01-11 18:32:04,269 - INFO - [Line: 143] - 20:0 - ['20:30', '21:0', '21:30', '22:0']
2024-01-11 18:32:04,269 - INFO - [Line: 143] - 20:30 - ['21:0', '21:30', '22:0', '22:30']
2024-01-11 18:32:04,269 - INFO - [Line: 143] - 21:0 - ['21:30', '22:0', '22:30', '23:0']
2024-01-11 18:32:04,269 - INFO - [Line: 143] - 21:30 - ['22:0', '22:30', '23:0']
2024-01-11 18:32:04,269 - INFO - [Line: 143] - 22:0 - ['22:30', '23:0']
2024-01-11 18:32:04,269 - INFO - [Line: 143] - 22:30 - ['23:0']
2024-01-11 18:32:04,269 - DEBUG - [Line: 148] - Getting calendar date...
2024-01-11 18:32:04,269 - DEBUG - [Line: 153] - Getting time dictionary...
2024-01-11 18:32:04,269 - DEBUG - [Line: 26] - Entering __setupFunction...
2024-01-11 18:32:04,269 - DEBUG - [Line: 51] - Entering __originalTimes...
2024-01-11 18:32:04,269 - DEBUG - [Line: 79] - Entering __postDbTimes...
2024-01-11 18:32:04,270 - DEBUG - [Line: 113] - Entering __createDict...
2024-01-11 18:32:04,270 - DEBUG - [Line: 133] - Entering __logOfDict...
2024-01-11 18:32:04,270 - DEBUG - [Line: 148] - Getting calendar date...
2024-01-11 18:32:04,270 - INFO - [Line: 134] - 2024-01-14
2024-01-11 18:32:04,270 - INFO - [Line: 143] - 6:0 - ['6:30', '7:0', '7:30', '8:0']
2024-01-11 18:32:04,270 - INFO - [Line: 143] - 6:30 - ['7:0', '7:30', '8:0', '8:30']
2024-01-11 18:32:04,270 - INFO - [Line: 143] - 7:0 - ['7:30', '8:0', '8:30', '9:0']
2024-01-11 18:32:04,270 - INFO - [Line: 143] - 7:30 - ['8:0', '8:30', '9:0', '9:30']
2024-01-11 18:32:04,270 - INFO - [Line: 143] - 8:0 - ['8:30', '9:0', '9:30', '10:0']
2024-01-11 18:32:04,270 - INFO - [Line: 143] - 8:30 - ['9:0', '9:30', '10:0', '10:30']
2024-01-11 18:32:04,270 - INFO - [Line: 143] - 9:0 - ['9:30', '10:0', '10:30', '11:0']
2024-01-11 18:32:04,270 - INFO - [Line: 143] - 9:30 - ['10:0', '10:30', '11:0', '11:30']
2024-01-11 18:32:04,270 - INFO - [Line: 143] - 10:0 - ['10:30', '11:0', '11:30', '12:0']
2024-01-11 18:32:04,271 - INFO - [Line: 143] - 10:30 - ['11:0', '11:30', '12:0', '12:30']
2024-01-11 18:32:04,271 - INFO - [Line: 143] - 11:0 - ['11:30', '12:0', '12:30', '13:0']
2024-01-11 18:32:04,271 - INFO - [Line: 143] - 11:30 - ['12:0', '12:30', '13:0', '13:30']
2024-01-11 18:32:04,271 - INFO - [Line: 143] - 12:0 - ['12:30', '13:0', '13:30', '14:0']
2024-01-11 18:32:04,271 - INFO - [Line: 143] - 12:30 - ['13:0', '13:30', '14:0', '14:30']
2024-01-11 18:32:04,271 - INFO - [Line: 143] - 13:0 - ['13:30', '14:0', '14:30', '15:0']
2024-01-11 18:32:04,271 - INFO - [Line: 143] - 13:30 - ['14:0', '14:30', '15:0', '15:30']
2024-01-11 18:32:04,271 - INFO - [Line: 143] - 14:0 - ['14:30', '15:0', '15:30', '16:0']
2024-01-11 18:32:04,271 - INFO - [Line: 143] - 14:30 - ['15:0', '15:30', '16:0', '16:30']
2024-01-11 18:32:04,271 - INFO - [Line: 143] - 15:0 - ['15:30', '16:0', '16:30', '17:0']
2024-01-11 18:32:04,271 - INFO - [Line: 143] - 15:30 - ['16:0', '16:30', '17:0', '17:30']
2024-01-11 18:32:04,271 - INFO - [Line: 143] - 16:0 - ['16:30', '17:0', '17:30', '18:0']
2024-01-11 18:32:04,271 - INFO - [Line: 143] - 16:30 - ['17:0', '17:30', '18:0', '18:30']
2024-01-11 18:32:04,271 - INFO - [Line: 143] - 17:0 - ['17:30', '18:0', '18:30', '19:0']
2024-01-11 18:32:04,271 - INFO - [Line: 143] - 17:30 - ['18:0', '18:30', '19:0', '19:30']
2024-01-11 18:32:04,271 - INFO - [Line: 143] - 18:0 - ['18:30', '19:0', '19:30', '20:0']
2024-01-11 18:32:04,271 - INFO - [Line: 143] - 18:30 - ['19:0', '19:30', '20:0', '20:30']
2024-01-11 18:32:04,271 - INFO - [Line: 143] - 19:0 - ['19:30', '20:0', '20:30', '21:0']
2024-01-11 18:32:04,271 - INFO - [Line: 143] - 19:30 - ['20:0', '20:30', '21:0', '21:30']
2024-01-11 18:32:04,271 - INFO - [Line: 143] - 20:0 - ['20:30', '21:0', '21:30', '22:0']
2024-01-11 18:32:04,271 - INFO - [Line: 143] - 20:30 - ['21:0', '21:30', '22:0', '22:30']
2024-01-11 18:32:04,271 - INFO - [Line: 143] - 21:0 - ['21:30', '22:0', '22:30', '23:0']
2024-01-11 18:32:04,271 - INFO - [Line: 143] - 21:30 - ['22:0', '22:30', '23:0']
2024-01-11 18:32:04,271 - INFO - [Line: 143] - 22:0 - ['22:30', '23:0']
2024-01-11 18:32:04,271 - INFO - [Line: 143] - 22:30 - ['23:0']
2024-01-11 18:32:04,271 - DEBUG - [Line: 148] - Getting calendar date...
2024-01-11 18:32:04,271 - DEBUG - [Line: 153] - Getting time dictionary...
2024-01-11 18:32:04,271 - DEBUG - [Line: 26] - Entering __setupFunction...
2024-01-11 18:32:04,271 - DEBUG - [Line: 51] - Entering __originalTimes...
2024-01-11 18:32:04,272 - DEBUG - [Line: 79] - Entering __postDbTimes...
2024-01-11 18:32:04,272 - DEBUG - [Line: 113] - Entering __createDict...
2024-01-11 18:32:04,272 - DEBUG - [Line: 133] - Entering __logOfDict...
2024-01-11 18:32:04,272 - DEBUG - [Line: 148] - Getting calendar date...
2024-01-11 18:32:04,272 - INFO - [Line: 134] - 2024-01-15
2024-01-11 18:32:04,272 - INFO - [Line: 143] - 6:0 - ['6:30', '7:0', '7:30', '8:0']
2024-01-11 18:32:04,272 - INFO - [Line: 143] - 6:30 - ['7:0', '7:30', '8:0', '8:30']
2024-01-11 18:32:04,272 - INFO - [Line: 143] - 7:0 - ['7:30', '8:0', '8:30', '9:0']
2024-01-11 18:32:04,272 - INFO - [Line: 143] - 7:30 - ['8:0', '8:30', '9:0', '9:30']
2024-01-11 18:32:04,273 - INFO - [Line: 143] - 8:0 - ['8:30', '9:0', '9:30', '10:0']
2024-01-11 18:32:04,273 - INFO - [Line: 143] - 8:30 - ['9:0', '9:30', '10:0', '10:30']
2024-01-11 18:32:04,273 - INFO - [Line: 143] - 9:0 - ['9:30', '10:0', '10:30', '11:0']
2024-01-11 18:32:04,273 - INFO - [Line: 143] - 9:30 - ['10:0', '10:30', '11:0', '11:30']
2024-01-11 18:32:04,273 - INFO - [Line: 143] - 10:0 - ['10:30', '11:0', '11:30', '12:0']
2024-01-11 18:32:04,273 - INFO - [Line: 143] - 10:30 - ['11:0', '11:30', '12:0', '12:30']
2024-01-11 18:32:04,273 - INFO - [Line: 143] - 11:0 - ['11:30', '12:0', '12:30', '13:0']
2024-01-11 18:32:04,273 - INFO - [Line: 143] - 11:30 - ['12:0', '12:30', '13:0', '13:30']
2024-01-11 18:32:04,273 - INFO - [Line: 143] - 12:0 - ['12:30', '13:0', '13:30', '14:0']
2024-01-11 18:32:04,273 - INFO - [Line: 143] - 12:30 - ['13:0', '13:30', '14:0', '14:30']
2024-01-11 18:32:04,273 - INFO - [Line: 143] - 13:0 - ['13:30', '14:0', '14:30', '15:0']
2024-01-11 18:32:04,273 - INFO - [Line: 143] - 13:30 - ['14:0', '14:30', '15:0', '15:30']
2024-01-11 18:32:04,273 - INFO - [Line: 143] - 14:0 - ['14:30', '15:0', '15:30', '16:0']
2024-01-11 18:32:04,273 - INFO - [Line: 143] - 14:30 - ['15:0', '15:30', '16:0', '16:30']
2024-01-11 18:32:04,273 - INFO - [Line: 143] - 15:0 - ['15:30', '16:0', '16:30', '17:0']
2024-01-11 18:32:04,273 - INFO - [Line: 143] - 15:30 - ['16:0', '16:30', '17:0', '17:30']
2024-01-11 18:32:04,273 - INFO - [Line: 143] - 16:0 - ['16:30', '17:0', '17:30', '18:0']
2024-01-11 18:32:04,273 - INFO - [Line: 143] - 16:30 - ['17:0', '17:30', '18:0', '18:30']
2024-01-11 18:32:04,273 - INFO - [Line: 143] - 17:0 - ['17:30', '18:0', '18:30', '19:0']
2024-01-11 18:32:04,273 - INFO - [Line: 143] - 17:30 - ['18:0', '18:30', '19:0', '19:30']
2024-01-11 18:32:04,273 - INFO - [Line: 143] - 18:0 - ['18:30', '19:0', '19:30', '20:0']
2024-01-11 18:32:04,273 - INFO - [Line: 143] - 18:30 - ['19:0', '19:30', '20:0', '20:30']
2024-01-11 18:32:04,273 - INFO - [Line: 143] - 19:0 - ['19:30', '20:0', '20:30', '21:0']
2024-01-11 18:32:04,273 - INFO - [Line: 143] - 19:30 - ['20:0', '20:30', '21:0', '21:30']
2024-01-11 18:32:04,273 - INFO - [Line: 143] - 20:0 - ['20:30', '21:0', '21:30', '22:0']
2024-01-11 18:32:04,273 - INFO - [Line: 143] - 20:30 - ['21:0', '21:30', '22:0', '22:30']
2024-01-11 18:32:04,273 - INFO - [Line: 143] - 21:0 - ['21:30', '22:0', '22:30', '23:0']
2024-01-11 18:32:04,274 - INFO - [Line: 143] - 21:30 - ['22:0', '22:30', '23:0']
2024-01-11 18:32:04,274 - INFO - [Line: 143] - 22:0 - ['22:30', '23:0']
2024-01-11 18:32:04,274 - INFO - [Line: 143] - 22:30 - ['23:0']
2024-01-11 18:32:04,274 - DEBUG - [Line: 148] - Getting calendar date...
2024-01-11 18:32:04,274 - DEBUG - [Line: 153] - Getting time dictionary...
2024-01-11 18:32:04,274 - DEBUG - [Line: 26] - Entering __setupFunction...
2024-01-11 18:32:04,274 - DEBUG - [Line: 51] - Entering __originalTimes...
2024-01-11 18:32:04,274 - DEBUG - [Line: 79] - Entering __postDbTimes...
2024-01-11 18:32:04,274 - DEBUG - [Line: 113] - Entering __createDict...
2024-01-11 18:32:04,274 - DEBUG - [Line: 133] - Entering __logOfDict...
2024-01-11 18:32:04,275 - DEBUG - [Line: 148] - Getting calendar date...
2024-01-11 18:32:04,275 - INFO - [Line: 134] - 2024-01-16
2024-01-11 18:32:04,275 - INFO - [Line: 143] - 6:0 - ['6:30', '7:0', '7:30', '8:0']
2024-01-11 18:32:04,275 - INFO - [Line: 143] - 6:30 - ['7:0', '7:30', '8:0', '8:30']
2024-01-11 18:32:04,275 - INFO - [Line: 143] - 7:0 - ['7:30', '8:0', '8:30', '9:0']
2024-01-11 18:32:04,275 - INFO - [Line: 143] - 7:30 - ['8:0', '8:30', '9:0', '9:30']
2024-01-11 18:32:04,275 - INFO - [Line: 143] - 8:0 - ['8:30', '9:0', '9:30', '10:0']
2024-01-11 18:32:04,275 - INFO - [Line: 143] - 8:30 - ['9:0', '9:30', '10:0', '10:30']
2024-01-11 18:32:04,275 - INFO - [Line: 143] - 9:0 - ['9:30', '10:0', '10:30', '11:0']
2024-01-11 18:32:04,275 - INFO - [Line: 143] - 9:30 - ['10:0', '10:30', '11:0', '11:30']
2024-01-11 18:32:04,275 - INFO - [Line: 143] - 10:0 - ['10:30', '11:0', '11:30', '12:0']
2024-01-11 18:32:04,275 - INFO - [Line: 143] - 10:30 - ['11:0', '11:30', '12:0', '12:30']
2024-01-11 18:32:04,275 - INFO - [Line: 143] - 11:0 - ['11:30', '12:0', '12:30', '13:0']
2024-01-11 18:32:04,275 - INFO - [Line: 143] - 11:30 - ['12:0', '12:30', '13:0', '13:30']
2024-01-11 18:32:04,275 - INFO - [Line: 143] - 12:0 - ['12:30', '13:0', '13:30', '14:0']
2024-01-11 18:32:04,275 - INFO - [Line: 143] - 12:30 - ['13:0', '13:30', '14:0', '14:30']
2024-01-11 18:32:04,275 - INFO - [Line: 143] - 13:0 - ['13:30', '14:0', '14:30', '15:0']
2024-01-11 18:32:04,276 - INFO - [Line: 143] - 13:30 - ['14:0', '14:30', '15:0', '15:30']
2024-01-11 18:32:04,276 - INFO - [Line: 143] - 14:0 - ['14:30', '15:0', '15:30', '16:0']
2024-01-11 18:32:04,276 - INFO - [Line: 143] - 14:30 - ['15:0', '15:30', '16:0', '16:30']
2024-01-11 18:32:04,276 - INFO - [Line: 143] - 15:0 - ['15:30', '16:0', '16:30', '17:0']
2024-01-11 18:32:04,276 - INFO - [Line: 143] - 15:30 - ['16:0', '16:30', '17:0', '17:30']
2024-01-11 18:32:04,276 - INFO - [Line: 143] - 16:0 - ['16:30', '17:0', '17:30', '18:0']
2024-01-11 18:32:04,276 - INFO - [Line: 143] - 16:30 - ['17:0', '17:30', '18:0', '18:30']
2024-01-11 18:32:04,276 - INFO - [Line: 143] - 17:0 - ['17:30', '18:0', '18:30', '19:0']
2024-01-11 18:32:04,276 - INFO - [Line: 143] - 17:30 - ['18:0', '18:30', '19:0', '19:30']
2024-01-11 18:32:04,276 - INFO - [Line: 143] - 18:0 - ['18:30', '19:0', '19:30', '20:0']
2024-01-11 18:32:04,276 - INFO - [Line: 143] - 18:30 - ['19:0', '19:30', '20:0', '20:30']
2024-01-11 18:32:04,276 - INFO - [Line: 143] - 19:0 - ['19:30', '20:0', '20:30', '21:0']
2024-01-11 18:32:04,276 - INFO - [Line: 143] - 19:30 - ['20:0', '20:30', '21:0', '21:30']
2024-01-11 18:32:04,276 - INFO - [Line: 143] - 20:0 - ['20:30', '21:0', '21:30', '22:0']
2024-01-11 18:32:04,276 - INFO - [Line: 143] - 20:30 - ['21:0', '21:30', '22:0', '22:30']
2024-01-11 18:32:04,276 - INFO - [Line: 143] - 21:0 - ['21:30', '22:0', '22:30', '23:0']
2024-01-11 18:32:04,276 - INFO - [Line: 143] - 21:30 - ['22:0', '22:30', '23:0']
2024-01-11 18:32:04,276 - INFO - [Line: 143] - 22:0 - ['22:30', '23:0']
2024-01-11 18:32:04,276 - INFO - [Line: 143] - 22:30 - ['23:0']
2024-01-11 18:32:04,276 - DEBUG - [Line: 148] - Getting calendar date...
2024-01-11 18:32:04,276 - DEBUG - [Line: 153] - Getting time dictionary...
2024-01-11 18:32:04,276 - DEBUG - [Line: 26] - Entering __setupFunction...
2024-01-11 18:32:04,276 - DEBUG - [Line: 51] - Entering __originalTimes...
2024-01-11 18:32:04,276 - DEBUG - [Line: 79] - Entering __postDbTimes...
2024-01-11 18:32:04,277 - DEBUG - [Line: 113] - Entering __createDict...
2024-01-11 18:32:04,277 - DEBUG - [Line: 133] - Entering __logOfDict...
2024-01-11 18:32:04,277 - DEBUG - [Line: 148] - Getting calendar date...
2024-01-11 18:32:04,277 - INFO - [Line: 134] - 2024-01-17
2024-01-11 18:32:04,277 - INFO - [Line: 143] - 6:0 - ['6:30', '7:0', '7:30', '8:0']
2024-01-11 18:32:04,277 - INFO - [Line: 143] - 6:30 - ['7:0', '7:30', '8:0', '8:30']
2024-01-11 18:32:04,277 - INFO - [Line: 143] - 7:0 - ['7:30', '8:0', '8:30', '9:0']
2024-01-11 18:32:04,277 - INFO - [Line: 143] - 7:30 - ['8:0', '8:30', '9:0', '9:30']
2024-01-11 18:32:04,277 - INFO - [Line: 143] - 8:0 - ['8:30', '9:0', '9:30', '10:0']
2024-01-11 18:32:04,277 - INFO - [Line: 143] - 8:30 - ['9:0', '9:30', '10:0', '10:30']
2024-01-11 18:32:04,277 - INFO - [Line: 143] - 9:0 - ['9:30', '10:0', '10:30', '11:0']
2024-01-11 18:32:04,277 - INFO - [Line: 143] - 9:30 - ['10:0', '10:30', '11:0', '11:30']
2024-01-11 18:32:04,277 - INFO - [Line: 143] - 10:0 - ['10:30', '11:0', '11:30', '12:0']
2024-01-11 18:32:04,277 - INFO - [Line: 143] - 10:30 - ['11:0', '11:30', '12:0', '12:30']
2024-01-11 18:32:04,277 - INFO - [Line: 143] - 11:0 - ['11:30', '12:0', '12:30', '13:0']
2024-01-11 18:32:04,277 - INFO - [Line: 143] - 11:30 - ['12:0', '12:30', '13:0', '13:30']
2024-01-11 18:32:04,277 - INFO - [Line: 143] - 12:0 - ['12:30', '13:0', '13:30', '14:0']
2024-01-11 18:32:04,277 - INFO - [Line: 143] - 12:30 - ['13:0', '13:30', '14:0', '14:30']
2024-01-11 18:32:04,278 - INFO - [Line: 143] - 13:0 - ['13:30', '14:0', '14:30', '15:0']
2024-01-11 18:32:04,278 - INFO - [Line: 143] - 13:30 - ['14:0', '14:30', '15:0', '15:30']
2024-01-11 18:32:04,278 - INFO - [Line: 143] - 14:0 - ['14:30', '15:0', '15:30', '16:0']
2024-01-11 18:32:04,278 - INFO - [Line: 143] - 14:30 - ['15:0', '15:30', '16:0', '16:30']
2024-01-11 18:32:04,278 - INFO - [Line: 143] - 15:0 - ['15:30', '16:0', '16:30', '17:0']
2024-01-11 18:32:04,278 - INFO - [Line: 143] - 15:30 - ['16:0', '16:30', '17:0', '17:30']
2024-01-11 18:32:04,278 - INFO - [Line: 143] - 16:0 - ['16:30', '17:0', '17:30', '18:0']
2024-01-11 18:32:04,278 - INFO - [Line: 143] - 16:30 - ['17:0', '17:30', '18:0', '18:30']
2024-01-11 18:32:04,278 - INFO - [Line: 143] - 17:0 - ['17:30', '18:0', '18:30', '19:0']
2024-01-11 18:32:04,278 - INFO - [Line: 143] - 17:30 - ['18:0', '18:30', '19:0', '19:30']
2024-01-11 18:32:04,278 - INFO - [Line: 143] - 18:0 - ['18:30', '19:0', '19:30', '20:0']
2024-01-11 18:32:04,278 - INFO - [Line: 143] - 18:30 - ['19:0', '19:30', '20:0', '20:30']
2024-01-11 18:32:04,278 - INFO - [Line: 143] - 19:0 - ['19:30', '20:0', '20:30', '21:0']
2024-01-11 18:32:04,278 - INFO - [Line: 143] - 19:30 - ['20:0', '20:30', '21:0', '21:30']
2024-01-11 18:32:04,278 - INFO - [Line: 143] - 20:0 - ['20:30', '21:0', '21:30', '22:0']
2024-01-11 18:32:04,278 - INFO - [Line: 143] - 20:30 - ['21:0', '21:30', '22:0', '22:30']
2024-01-11 18:32:04,278 - INFO - [Line: 143] - 21:0 - ['21:30', '22:0', '22:30', '23:0']
2024-01-11 18:32:04,278 - INFO - [Line: 143] - 21:30 - ['22:0', '22:30', '23:0']
2024-01-11 18:32:04,278 - INFO - [Line: 143] - 22:0 - ['22:30', '23:0']
2024-01-11 18:32:04,278 - INFO - [Line: 143] - 22:30 - ['23:0']
2024-01-11 18:32:04,278 - DEBUG - [Line: 148] - Getting calendar date...
2024-01-11 18:32:04,278 - DEBUG - [Line: 153] - Getting time dictionary...
